-------------------------------------------------------------------------------
Test set: TestSuite
-------------------------------------------------------------------------------
Tests run: 9, Failures: 3, Errors: 0, Skipped: 1, Time elapsed: 1,651.463 s <<< FAILURE! - in TestSuite
Oppo_A92.Test18.CopyPaste  Time elapsed: 38.455 s  <<< FAILURE!
org.openqa.selenium.WebDriverException: 
An unknown server-side error occurred while processing the command. Original error: EBUSY: resource busy or locked, unlink 'C:\Users\sandisk\AppData\Local\Temp\2023010-1608-10tjq9k.0ukd\appium.tmp'
Build info: version: '3.141.59', revision: 'e82be7d358', time: '2018-11-14T08:17:03'
System info: host: 'SD-APPS-090', ip: '10.65.148.57', os.name: 'Windows 10', os.arch: 'amd64', os.version: '10.0', java.version: '1.8.0_202'
Driver info: io.appium.java_client.android.AndroidDriver
Capabilities {automationName: UiAutomator2, databaseEnabled: false, desired: {automationName: UiAutomator2, deviceName: OPPO A92, newCommandTimeout: 600, platformName: android, platformVersion: 11, udid: 9a424d83}, deviceApiLevel: 30, deviceManufacturer: OPPO, deviceModel: CPH2059, deviceName: 9a424d83, deviceScreenDensity: 480, deviceScreenSize: 1080x2400, deviceUDID: 9a424d83, javascriptEnabled: true, locationContextEnabled: false, networkConnectionEnabled: true, newCommandTimeout: 600, pixelRatio: 3, platform: LINUX, platformName: Android, platformVersion: 11, statBarHeight: 110, takesScreenshot: true, udid: 9a424d83, viewportRect: {height: 2048, left: 0, top: 110, width: 1080}, warnings: {}, webStorageEnabled: false}
Session ID: e9baaa18-acb5-4115-bf23-9e206a4f20d4
	at Oppo_A92.Test18.CopyPaste(Test18.java:96)

Oppo_A92.Test9.RearPictureCapture  Time elapsed: 42.853 s  <<< FAILURE!
org.openqa.selenium.SessionNotCreatedException: 
Unable to create a new remote session. Please check the server log for more details. Original error: An unknown server-side error occurred while processing the command. Original error: The instrumentation process cannot be initialized within 30000ms timeout. Make sure the application under test does not crash and investigate the logcat output. You could also try to increase the value of 'uiautomator2ServerLaunchTimeout' capability
Build info: version: '3.141.59', revision: 'e82be7d358', time: '2018-11-14T08:17:03'
System info: host: 'SD-APPS-090', ip: '10.65.148.57', os.name: 'Windows 10', os.arch: 'amd64', os.version: '10.0', java.version: '1.8.0_202'
Driver info: driver.version: AndroidDriver
remote stacktrace: UnknownError: An unknown server-side error occurred while processing the command. Original error: The instrumentation process cannot be initialized within 30000ms timeout. Make sure the application under test does not crash and investigate the logcat output. You could also try to increase the value of 'uiautomator2ServerLaunchTimeout' capability
    at getResponseForW3CError (C:\Program Files\Appium Server GUI\resources\app\node_modules\appium\node_modules\appium-base-driver\lib\protocol\errors.js:804:9)
    at asyncHandler (C:\Program Files\Appium Server GUI\resources\app\node_modules\appium\node_modules\appium-base-driver\lib\protocol\protocol.js:380:37)
Build info: version: '3.141.59', revision: 'e82be7d358', time: '2018-11-14T08:17:03'
System info: host: 'SD-APPS-090', ip: '10.65.148.57', os.name: 'Windows 10', os.arch: 'amd64', os.version: '10.0', java.version: '1.8.0_202'
Driver info: driver.version: AndroidDriver
	at Oppo_A92.Test9.SetUp(Test9.java:54)
	at Oppo_A92.Test9.RearPictureCapture(Test9.java:79)
Caused by: java.lang.reflect.InvocationTargetException
	at Oppo_A92.Test9.SetUp(Test9.java:54)
	at Oppo_A92.Test9.RearPictureCapture(Test9.java:79)
Caused by: org.openqa.selenium.WebDriverException: 
An unknown server-side error occurred while processing the command. Original error: The instrumentation process cannot be initialized within 30000ms timeout. Make sure the application under test does not crash and investigate the logcat output. You could also try to increase the value of 'uiautomator2ServerLaunchTimeout' capability
Build info: version: '3.141.59', revision: 'e82be7d358', time: '2018-11-14T08:17:03'
System info: host: 'SD-APPS-090', ip: '10.65.148.57', os.name: 'Windows 10', os.arch: 'amd64', os.version: '10.0', java.version: '1.8.0_202'
Driver info: driver.version: AndroidDriver
remote stacktrace: UnknownError: An unknown server-side error occurred while processing the command. Original error: The instrumentation process cannot be initialized within 30000ms timeout. Make sure the application under test does not crash and investigate the logcat output. You could also try to increase the value of 'uiautomator2ServerLaunchTimeout' capability
    at getResponseForW3CError (C:\Program Files\Appium Server GUI\resources\app\node_modules\appium\node_modules\appium-base-driver\lib\protocol\errors.js:804:9)
    at asyncHandler (C:\Program Files\Appium Server GUI\resources\app\node_modules\appium\node_modules\appium-base-driver\lib\protocol\protocol.js:380:37)
	at Oppo_A92.Test9.SetUp(Test9.java:54)
	at Oppo_A92.Test9.RearPictureCapture(Test9.java:79)

Oppo_A92.Test9F.SetUp  Time elapsed: 48.564 s  <<< FAILURE!
org.openqa.selenium.WebDriverException: 
An unknown server-side error occurred while processing the command. Original error: Could not proxy command to the remote server. Original error: socket hang up
Build info: version: '3.141.59', revision: 'e82be7d358', time: '2018-11-14T08:17:03'
System info: host: 'SD-APPS-090', ip: '10.65.148.57', os.name: 'Windows 10', os.arch: 'amd64', os.version: '10.0', java.version: '1.8.0_202'
Driver info: io.appium.java_client.android.AndroidDriver
Capabilities {automationName: UiAutomator2, databaseEnabled: false, desired: {automationName: UiAutomator2, deviceName: OPPO A92, newCommandTimeout: 600, platformName: android, platformVersion: 11, udid: 9a424d83}, deviceApiLevel: 30, deviceManufacturer: OPPO, deviceModel: CPH2059, deviceName: 9a424d83, deviceScreenDensity: 480, deviceScreenSize: 1080x2400, deviceUDID: 9a424d83, javascriptEnabled: true, locationContextEnabled: false, networkConnectionEnabled: true, newCommandTimeout: 600, pixelRatio: 3, platform: LINUX, platformName: Android, platformVersion: 11, statBarHeight: 110, takesScreenshot: true, udid: 9a424d83, viewportRect: {height: 2048, left: 0, top: 110, width: 1080}, warnings: {}, webStorageEnabled: false}
Session ID: 972f84b9-640b-4cad-94f5-0fefb7f59707
	at Oppo_A92.Test9F.SetUp(Test9F.java:52)

