<?xml version="1.0" encoding="UTF-8"?>
<testng-results skipped="0" failed="0" total="8" passed="8">
  <reporter-output>
  </reporter-output>
  <suite name="Suite" duration-ms="992154" started-at="2023-01-10T19:20:40Z" finished-at="2023-01-10T19:37:12Z">
    <groups>
    </groups>
    <test name="Test" duration-ms="992154" started-at="2023-01-10T19:20:40Z" finished-at="2023-01-10T19:37:12Z">
      <class name="Xiaomi_Redmi_11i_210911161.Test0">
        <test-method status="PASS" signature="SetUp()" name="SetUp" is-config="true" duration-ms="9569" started-at="2023-01-10T19:20:40Z" finished-at="2023-01-10T19:20:50Z">
        </test-method>
        <test-method status="PASS" signature="start()" name="start" duration-ms="982579" started-at="2023-01-10T19:20:50Z" finished-at="2023-01-10T19:37:12Z">
        </test-method>
      </class>
    </test>
  </suite>
  <suite name="Suite" duration-ms="2633943" started-at="2023-01-10T22:17:40Z" finished-at="2023-01-10T23:01:34Z">
    <groups>
    </groups>
    <test name="Test" duration-ms="2633943" started-at="2023-01-10T22:17:40Z" finished-at="2023-01-10T23:01:34Z">
      <class name="Xiaomi_Redmi_11i_210911161.Test9F">
        <test-method status="PASS" signature="SetUp()" name="SetUp" is-config="true" duration-ms="6335" started-at="2023-01-10T22:17:40Z" finished-at="2023-01-10T22:17:47Z">
        </test-method>
        <test-method status="PASS" signature="frontPictureCapture()" name="frontPictureCapture" duration-ms="2627606" started-at="2023-01-10T22:17:47Z" finished-at="2023-01-10T23:01:34Z">
        </test-method>
      </class>
    </test>
  </suite>
  <suite name="Suite" duration-ms="160898" started-at="2023-01-10T19:37:12Z" finished-at="2023-01-10T19:39:53Z">
    <groups>
    </groups>
    <test name="Test" duration-ms="160898" started-at="2023-01-10T19:37:12Z" finished-at="2023-01-10T19:39:53Z">
      <class name="Xiaomi_Redmi_11i_210911161.Test3">
        <test-method status="PASS" signature="SetUp()" name="SetUp" is-config="true" duration-ms="7681" started-at="2023-01-10T19:37:12Z" finished-at="2023-01-10T19:37:20Z">
        </test-method>
        <test-method status="PASS" signature="Format()" name="Format" duration-ms="153216" started-at="2023-01-10T19:37:20Z" finished-at="2023-01-10T19:39:53Z">
        </test-method>
      </class>
    </test>
  </suite>
  <suite name="Suite" duration-ms="704302" started-at="2023-01-10T19:57:50Z" finished-at="2023-01-10T20:09:34Z">
    <groups>
    </groups>
    <test name="Test" duration-ms="704302" started-at="2023-01-10T19:57:50Z" finished-at="2023-01-10T20:09:34Z">
      <class name="Xiaomi_Redmi_11i_210911161.Test8">
        <test-method status="PASS" signature="SetUp()" name="SetUp" is-config="true" duration-ms="7548" started-at="2023-01-10T19:57:50Z" finished-at="2023-01-10T19:57:57Z">
        </test-method>
        <test-method status="PASS" signature="recordAudio()" name="recordAudio" duration-ms="696754" started-at="2023-01-10T19:57:57Z" finished-at="2023-01-10T20:09:34Z">
        </test-method>
      </class>
    </test>
  </suite>
  <suite name="Suite" duration-ms="2350103" started-at="2023-01-10T20:54:54Z" finished-at="2023-01-10T21:34:04Z">
    <groups>
    </groups>
    <test name="Test" duration-ms="2350103" started-at="2023-01-10T20:54:54Z" finished-at="2023-01-10T21:34:04Z">
      <class name="Xiaomi_Redmi_11i_210911161.Test10F">
        <test-method status="PASS" signature="SetUp()" name="SetUp" is-config="true" duration-ms="5838" started-at="2023-01-10T20:54:54Z" finished-at="2023-01-10T20:54:59Z">
        </test-method>
        <test-method status="PASS" signature="frontVideoRec()" name="frontVideoRec" duration-ms="2344265" started-at="2023-01-10T20:54:59Z" finished-at="2023-01-10T21:34:04Z">
        </test-method>
      </class>
    </test>
  </suite>
  <suite name="Suite" duration-ms="0" started-at="2023-01-10T23:01:34Z" finished-at="2023-01-10T23:01:34Z">
    <groups>
    </groups>
  </suite>
  <suite name="Suite" duration-ms="1076579" started-at="2023-01-10T19:39:53Z" finished-at="2023-01-10T19:57:50Z">
    <groups>
    </groups>
    <test name="Test" duration-ms="1076579" started-at="2023-01-10T19:39:53Z" finished-at="2023-01-10T19:57:50Z">
      <class name="Xiaomi_Redmi_11i_210911161.Test18">
        <test-method status="PASS" signature="SetUp()" name="SetUp" is-config="true" duration-ms="7190" started-at="2023-01-10T19:39:53Z" finished-at="2023-01-10T19:40:00Z">
        </test-method>
        <test-method status="PASS" signature="CopyPaste()" name="CopyPaste" duration-ms="1069387" started-at="2023-01-10T19:40:00Z" finished-at="2023-01-10T19:57:50Z">
        </test-method>
      </class>
    </test>
  </suite>
  <suite name="Suite" duration-ms="2719617" started-at="2023-01-10T20:09:34Z" finished-at="2023-01-10T20:54:54Z">
    <groups>
    </groups>
    <test name="Test" duration-ms="2719617" started-at="2023-01-10T20:09:34Z" finished-at="2023-01-10T20:54:54Z">
      <class name="Xiaomi_Redmi_11i_210911161.Test10">
        <test-method status="PASS" signature="SetUp()" name="SetUp" is-config="true" duration-ms="5863" started-at="2023-01-10T20:09:34Z" finished-at="2023-01-10T20:09:40Z">
        </test-method>
        <test-method status="PASS" signature="rearVideoRec()" name="rearVideoRec" duration-ms="2713753" started-at="2023-01-10T20:09:40Z" finished-at="2023-01-10T20:54:54Z">
        </test-method>
      </class>
    </test>
  </suite>
  <suite name="Suite" duration-ms="2616574" started-at="2023-01-10T21:34:04Z" finished-at="2023-01-10T22:17:40Z">
    <groups>
    </groups>
    <test name="Test" duration-ms="2616574" started-at="2023-01-10T21:34:04Z" finished-at="2023-01-10T22:17:40Z">
      <class name="Xiaomi_Redmi_11i_210911161.Test9">
        <test-method status="PASS" signature="SetUp()" name="SetUp" is-config="true" duration-ms="7465" started-at="2023-01-10T21:34:04Z" finished-at="2023-01-10T21:34:11Z">
        </test-method>
        <test-method status="PASS" signature="RearPictureCapture()" name="RearPictureCapture" duration-ms="2609109" started-at="2023-01-10T21:34:11Z" finished-at="2023-01-10T22:17:40Z">
        </test-method>
      </class>
    </test>
  </suite>
</testng-results>
