-------------------------------------------------------------------------------
Test set: TestSuite
-------------------------------------------------------------------------------
Tests run: 8, Failures: 1, Errors: 0, Skipped: 0, Time elapsed: 1,687.323 s <<< FAILURE! - in TestSuite
Realme_8s_5G_RMX3381.Test18.CopyPaste  Time elapsed: 19.938 s  <<< FAILURE!
java.io.IOException: The given file C:\Users\7340193\Desktop\TestDlinkAll1_183750\Test.zip doesn't exist
	at Realme_8s_5G_RMX3381.Test18.CopyPaste(Test18.java:102)

