<?xml version="1.0" encoding="UTF-8"?>
<testng-results skipped="0" failed="0" total="1" passed="1">
  <reporter-output>
  </reporter-output>
  <suite name="Suite" duration-ms="813308" started-at="2022-11-14T15:52:59Z" finished-at="2022-11-14T16:06:33Z">
    <groups>
    </groups>
    <test name="Test" duration-ms="813308" started-at="2022-11-14T15:52:59Z" finished-at="2022-11-14T16:06:33Z">
      <class name="RealMeC21Y.Test10F">
        <test-method status="PASS" signature="SetUp()" name="SetUp" is-config="true" duration-ms="10202" started-at="2022-11-14T15:52:59Z" finished-at="2022-11-14T15:53:09Z">
        </test-method>
        <test-method status="PASS" signature="frontVideoRec()" name="frontVideoRec" duration-ms="803098" started-at="2022-11-14T15:53:09Z" finished-at="2022-11-14T16:06:33Z">
        </test-method>
      </class>
    </test>
  </suite>
</testng-results>
