<?xml version="1.0" encoding="UTF-8"?>
<testng-results skipped="0" failed="0" total="1" passed="1">
  <reporter-output>
  </reporter-output>
  <suite name="Suite" duration-ms="451690" started-at="2022-11-03T15:36:40Z" finished-at="2022-11-03T15:44:11Z">
    <groups>
    </groups>
    <test name="Test" duration-ms="451690" started-at="2022-11-03T15:36:40Z" finished-at="2022-11-03T15:44:11Z">
      <class name="Realme_85G_RMX3241.Test9F">
        <test-method status="PASS" signature="SetUp()" name="SetUp" is-config="true" duration-ms="8632" started-at="2022-11-03T15:36:40Z" finished-at="2022-11-03T15:36:48Z">
        </test-method>
        <test-method status="PASS" signature="FrontPictureCapture()" name="FrontPictureCapture" duration-ms="443051" started-at="2022-11-03T15:36:48Z" finished-at="2022-11-03T15:44:11Z">
        </test-method>
      </class>
    </test>
  </suite>
</testng-results>
