<?xml version="1.0" encoding="UTF-8"?>
<testsuite xmlns:xsi="http://www.w3.org/2001/XMLSchema-instance" xsi:noNamespaceSchemaLocation="https://maven.apache.org/surefire/maven-surefire-plugin/xsd/surefire-test-report-3.0.xsd" version="3.0" name="TestSuite" time="340.623" tests="1" errors="0" skipped="0" failures="0">
  <properties>
[...]
</properties>
  <testcase name="frontPictureCapture" classname="Samsung_Galaxy_M51.Test9F" time="331.368">
    <system-out><![CDATA[Test: Start
===================================================================================================================================================================================================================================================================================================================================================================================================================================================================================================================================================================================================================================================================================================================================
Test9F Scenario is as follows:
1.Launch camera application, set uSD as a Storage option, start Front camera image picture capture for all Host front resolutions
2.Move captured front images from camera folder to Test9F folder
Setting up the appium desired capabilities
===================================================================================================================================================================================================================================================================================================================================================================================================================================================================================================================================================================================================================================================================================================================================
Launch Home screen and clear recent apps
Launch Camera Application for Front camera picture Capture for all Host resolutions
Test9F_Fcam_res: 4 resolutions supported
If change to uSD card pop-up exists select Cancel
change to SD card element not found : org.openqa.selenium.NoSuchElementException: An element could not be located on the page using the given search parameters.
For documentation on this error, please visit: https://www.seleniumhq.org/exceptions/no_such_element.html
Build info: version: '3.141.59', revision: 'e82be7d358', time: '2018-11-14T08:17:03'
System info: host: 'BNPLYY2', ip: '192.168.111.26', os.name: 'Windows 10', os.arch: 'amd64', os.version: '10.0', java.version: '1.8.0_202'
Driver info: io.appium.java_client.android.AndroidDriver
Capabilities {automationName: UiAutomator2, databaseEnabled: false, desired: {automationName: UiAutomator2, deviceName: Galaxy M51, newCommandTimeout: 1200, platformName: android, platformVersion: 11, udid: RZ8NA12311F}, deviceApiLevel: 30, deviceManufacturer: samsung, deviceModel: SM-M515F, deviceName: RZ8NA12311F, deviceScreenDensity: 420, deviceScreenSize: 1080x2400, deviceUDID: RZ8NA12311F, javascriptEnabled: true, locationContextEnabled: false, networkConnectionEnabled: true, newCommandTimeout: 1200, pixelRatio: 2.625, platform: LINUX, platformName: Android, platformVersion: 11, statBarHeight: 91, takesScreenshot: true, udid: RZ8NA12311F, viewportRect: {height: 2092, left: 0, top: 91, width: 1080}, warnings: {}, webStorageEnabled: false}
Session ID: 94320432-e53f-407e-9b3a-e1c232bf89dc
*** Element info: {Using=-android uiautomator, value=new UiSelector().text("Cancel")}
If Location access Permission Request Pop Exists Click on Cancel. 
Switch To front Camera if current Exiting camera is in Back camera mode
Camera is in front camera mode no switch required
Click Settings option
Swipe up and select storage location option
Select SD as storage option
Select Front Image size
totalPictureCountFront = 3
clicking First resolution Image0
clicking First resolution Image1
clicking First resolution Image2
Select Front Image size
Select Second resolution 9:16
totalPictureCountFront1 = 3
clicking Second resolution Image0
clicking Second resolution Image1
clicking Second resolution Image2
Front camera second resolution:3 images Captured succesfull
Select Front Image size
Select third Image Resoution: 1:1
totalPictureCountFront2 = 3
clicking Third resolution Image0
clicking Third resolution Image1
clicking Third resolution Image2
Front camera third resolution:3 images Captured succesfull
Select Front Image size
Select fourth resolution
totalPictureCountFront3 = 3
clicking Fourth resolution Image0
clicking Fourth resolution Image1
clicking Fourth resolution Image2
front camera fourth resolution:3 images Captured succesfull
Select fifth resolution

Fail: Test9F fail for Fail Count Issue
calling DataMoveOperation()
Re-launch file manager application and select external storage for data move operation, select all front camera images files present in camera folder and move to Test9F folder
Select external storage
switch to grid view mode and select DCIM folder
Select DCIM folder
Select camera folder
switch to list view mode
Click More options
Click select all
Click More options
select move to option
select uSD Card
Select ADD NEW Folder option
Name folder as Test9F
Accept create folder
Cut paste   operation completed successfully
Test9F: Data move operation completed successfully
Pass: Test9F Pass for data move operation successfully
===================================================================================================================================================================================================================================================================================================================================================================================================================================================================================================================================================================================================================================================================================================================================
Final message: Fail Test9F for rear camera image capture
===================================================================================================================================================================================================================================================================================================================================================================================================================================================================================================================================================================================================================================================================================================================================
]]></system-out>
    <system-err><![CDATA[2022-10-16 22:27:02 INFO   io.appium.java_client.remote.AppiumCommandExecutor$1 lambda$0 Detected dialect: W3C
2022-10-16 22:27:16 INFO   io.appium.java_client.remote.AppiumCommandExecutor$1 lambda$0 Detected dialect: W3C
]]></system-err>
  </testcase>
</testsuite>