<?xml version="1.0" encoding="UTF-8"?>
<testsuite xmlns:xsi="http://www.w3.org/2001/XMLSchema-instance" xsi:noNamespaceSchemaLocation="https://maven.apache.org/surefire/maven-surefire-plugin/xsd/surefire-test-report-3.0.xsd" version="3.0" name="TestSuite" time="11,790.745" tests="7" errors="0" skipped="0" failures="0">
  <properties>
[...]
</properties>
  <testcase name="start" classname="LG_G8s_ThinQ.Test0" time="202.963">
    <system-out><![CDATA[Test: Start
===================================================================================================================================================================================================================================================================================================================================================================================================================================================================================================================================================================================================================================================================================================================================
 Test0 Scenario is as follows 
Unlock phone, clear recent apps, clear internal memory
Test0 Format with data scenrio Not Apllicable, Host doesn't support Format operation with USB Cable
Setting up the appium desired capabilities
===================================================================================================================================================================================================================================================================================================================================================================================================================================================================================================================================================================================================================================================================================================================================
Clearing Recent Apps
Pass: No recent apps found
Launch File Manager Application and clear internal memory
swipe up and search for internal storage
Select  Internal storage
Select More options
click on Select all
Select  Delete permanently
Select More options
Select  Delete permanently
Select  Delete
Pass: Test0 Clearing phone internal memory is successfull
Final Message: Pass Test0 pass for Internal format Operation, Test0 Format Function Not Apllicable with USB cable
===================================================================================================================================================================================================================================================================================================================================================================================================================================================================================================================================================================================================================================================================================================================================
Test: End
===================================================================================================================================================================================================================================================================================================================================================================================================================================================================================================================================================================================================================================================================================================================================
]]></system-out>
    <system-err><![CDATA[2023-01-05 19:44:08 INFO   io.appium.java_client.remote.AppiumCommandExecutor$1 lambda$0 Detected dialect: W3C
2023-01-05 19:44:16 INFO   io.appium.java_client.remote.AppiumCommandExecutor$1 lambda$0 Detected dialect: W3C
org.openqa.selenium.NoSuchElementException: An element could not be located on the page using the given search parameters.
For documentation on this error, please visit: https://www.seleniumhq.org/exceptions/no_such_element.html
Build info: version: '3.141.59', revision: 'e82be7d358', time: '2018-11-14T08:17:03'
System info: host: 'SD-APPS-090', ip: '10.65.148.57', os.name: 'Windows 10', os.arch: 'amd64', os.version: '10.0', java.version: '1.8.0_202'
Driver info: io.appium.java_client.android.AndroidDriver
Capabilities {automationName: UiAutomator2, databaseEnabled: false, desired: {automationName: UiAutomator2, deviceName: G8S ThinQ, newCommandTimeout: 600, platformName: android, platformVersion: 11, udid: LMG810EAWef6f059b}, deviceApiLevel: 30, deviceManufacturer: LGE, deviceModel: LM-G810, deviceName: LMG810EAWef6f059b, deviceScreenDensity: 420, deviceScreenSize: 1080x2248, deviceUDID: LMG810EAWef6f059b, javascriptEnabled: true, locationContextEnabled: false, networkConnectionEnabled: true, newCommandTimeout: 600, pixelRatio: 2.625, platform: LINUX, platformName: Android, platformVersion: 11, statBarHeight: 88, takesScreenshot: true, udid: LMG810EAWef6f059b, viewportRect: {height: 1946, left: 0, top: 88, width: 1080}, warnings: {}, webStorageEnabled: false}
Session ID: 171c032d-b6bf-4da6-9210-1cb9635852c6
*** Element info: {Using=xpath, value=//*[@text='Clear all']}
	at sun.reflect.NativeConstructorAccessorImpl.newInstance0(Native Method)
	at sun.reflect.NativeConstructorAccessorImpl.newInstance(NativeConstructorAccessorImpl.java:62)
	at sun.reflect.DelegatingConstructorAccessorImpl.newInstance(DelegatingConstructorAccessorImpl.java:45)
	at java.lang.reflect.Constructor.newInstance(Constructor.java:423)
	at org.openqa.selenium.remote.http.W3CHttpResponseCodec.createException(W3CHttpResponseCodec.java:187)
	at org.openqa.selenium.remote.http.W3CHttpResponseCodec.decode(W3CHttpResponseCodec.java:122)
	at org.openqa.selenium.remote.http.W3CHttpResponseCodec.decode(W3CHttpResponseCodec.java:49)
	at org.openqa.selenium.remote.HttpCommandExecutor.execute(HttpCommandExecutor.java:158)
	at io.appium.java_client.remote.AppiumCommandExecutor.execute(AppiumCommandExecutor.java:239)
	at org.openqa.selenium.remote.RemoteWebDriver.execute(RemoteWebDriver.java:552)
	at io.appium.java_client.DefaultGenericMobileDriver.execute(DefaultGenericMobileDriver.java:42)
	at io.appium.java_client.AppiumDriver.execute(AppiumDriver.java:1)
	at io.appium.java_client.android.AndroidDriver.execute(AndroidDriver.java:1)
	at org.openqa.selenium.remote.RemoteWebDriver.findElement(RemoteWebDriver.java:323)
	at io.appium.java_client.DefaultGenericMobileDriver.findElement(DefaultGenericMobileDriver.java:62)
	at io.appium.java_client.AppiumDriver.findElement(AppiumDriver.java:1)
	at io.appium.java_client.android.AndroidDriver.findElement(AndroidDriver.java:1)
	at org.openqa.selenium.remote.RemoteWebDriver.findElementByXPath(RemoteWebDriver.java:428)
	at io.appium.java_client.DefaultGenericMobileDriver.findElementByXPath(DefaultGenericMobileDriver.java:152)
	at io.appium.java_client.AppiumDriver.findElementByXPath(AppiumDriver.java:1)
	at io.appium.java_client.android.AndroidDriver.findElementByXPath(AndroidDriver.java:1)
	at org.openqa.selenium.By$ByXPath.findElement(By.java:353)
	at org.openqa.selenium.remote.RemoteWebDriver.findElement(RemoteWebDriver.java:315)
	at io.appium.java_client.DefaultGenericMobileDriver.findElement(DefaultGenericMobileDriver.java:58)
	at io.appium.java_client.AppiumDriver.findElement(AppiumDriver.java:1)
	at io.appium.java_client.android.AndroidDriver.findElement(AndroidDriver.java:1)
	at LG_G8s_ThinQ.Test0.start(Test0.java:112)
	at sun.reflect.NativeMethodAccessorImpl.invoke0(Native Method)
	at sun.reflect.NativeMethodAccessorImpl.invoke(NativeMethodAccessorImpl.java:62)
	at sun.reflect.DelegatingMethodAccessorImpl.invoke(DelegatingMethodAccessorImpl.java:43)
	at java.lang.reflect.Method.invoke(Method.java:498)
	at org.testng.internal.MethodInvocationHelper.invokeMethod(MethodInvocationHelper.java:80)
	at org.testng.internal.Invoker.invokeMethod(Invoker.java:673)
	at org.testng.internal.Invoker.invokeTestMethod(Invoker.java:842)
	at org.testng.internal.Invoker.invokeTestMethods(Invoker.java:1166)
	at org.testng.internal.TestMethodWorker.invokeTestMethods(TestMethodWorker.java:125)
	at org.testng.internal.TestMethodWorker.run(TestMethodWorker.java:109)
	at org.testng.TestRunner.runWorkers(TestRunner.java:1178)
	at org.testng.TestRunner.privateRun(TestRunner.java:757)
	at org.testng.TestRunner.run(TestRunner.java:608)
	at org.testng.SuiteRunner.runTest(SuiteRunner.java:334)
	at org.testng.SuiteRunner.runSequentially(SuiteRunner.java:329)
	at org.testng.SuiteRunner.privateRun(SuiteRunner.java:291)
	at org.testng.SuiteRunner.run(SuiteRunner.java:240)
	at org.testng.SuiteRunnerWorker.runSuite(SuiteRunnerWorker.java:52)
	at org.testng.SuiteRunnerWorker.run(SuiteRunnerWorker.java:86)
	at org.testng.TestNG.runSuitesSequentially(TestNG.java:1158)
	at org.testng.TestNG.runSuitesSequentially(TestNG.java:1154)
	at org.testng.TestNG.runSuitesLocally(TestNG.java:1083)
	at org.testng.TestNG.run(TestNG.java:999)
	at org.apache.maven.surefire.testng.TestNGExecutor.run(TestNGExecutor.java:284)
	at org.apache.maven.surefire.testng.TestNGXmlTestSuite.execute(TestNGXmlTestSuite.java:75)
	at org.apache.maven.surefire.testng.TestNGProvider.invoke(TestNGProvider.java:119)
	at org.apache.maven.surefire.booter.ForkedBooter.runSuitesInProcess(ForkedBooter.java:428)
	at org.apache.maven.surefire.booter.ForkedBooter.execute(ForkedBooter.java:162)
	at org.apache.maven.surefire.booter.ForkedBooter.run(ForkedBooter.java:562)
	at org.apache.maven.surefire.booter.ForkedBooter.main(ForkedBooter.java:548)
]]></system-err>
  </testcase>
  <testcase name="CopyPaste" classname="LG_G8s_ThinQ.Test18" time="950.185">
    <system-out><![CDATA[Test: Start
===================================================================================================================================================================================================================================================================================================================================================================================================================================================================================================================================================================================================================================================================================================================================
===================================================================================================================================================================================================================================================================================================================================================================================================================================================================================================================================================================================================================================================================================================================================
Test18 Scenario is as follows
Pushing 1GB zip File to Host Internal Memory via server folder named as Test1 
Extracting zip file in Host internal memory
Copy Paste 1GB file (Test1) from host internal memory to uSD Card, Create a folder named Test2 in uSD Card, Copy paste 1GB Folder(Test1) From internal to external inside folder Test2 and Vice versa
Create folder name(New_Scenario in External memory, select folder name(Test2) from internal memory and perform cut paste operation from internla to external memory
Setting up the appium desired capabilities
Clearing Recent Apps
Pass: Test18 Pass for clearing Recent apps 
Pushing File from Laptop to Mobile
Launch Home Screen application and clear recent apps
clcik on ok
click on browse option
swipe up and search for sd card
Select Internal storage
Search for Test1 Folder
Select Testfile
Extracting Push zip file as Folder named Test1
1GB File Extration completed
click on Finished
Launching file manager application
swipe up and search for internal storage
Select Internal storage
Select Test1 folder
Select more options
Select Copy option
Select External Storage
Select Paste option for copy paste Test1 folder from Internal to external storage
swipe up and search for internal storage
Select Internal storage
Long Press and select and Test1 Folder
Select more options
Select Copy option
Select External storage
Select create folder option
Name folder as Test2
Copy paste Test1 folder inside Test2 folder
swipe up and search for sd card
Select External Storage
Long Press and select and Test2 Folder
Select more options
Select Copy option
Select Internal storage
click on copy here
swipe up and search for internal storage
Select Internal storage
Long Press and select and Test2 Folder
Select more options
Select move option
Select External storage
click on create folder and create folder name folder name New_Scenario
Select Move to option
Move to Test1 folder inside New_Scenario folder
Pass: Cut paste Operation Completed Successfully
===================================================================================================================================================================================================================================================================================================================================================================================================================================================================================================================================================================================================================================================================================================================================
Final message: Pass Test18 pass for copy paste & cut paste operation
Test: End
===================================================================================================================================================================================================================================================================================================================================================================================================================================================================================================================================================================================================================================================================================================================================
]]></system-out>
    <system-err><![CDATA[2023-01-05 19:47:39 INFO   io.appium.java_client.remote.AppiumCommandExecutor$1 lambda$0 Detected dialect: W3C
2023-01-05 19:47:52 INFO   io.appium.java_client.remote.AppiumCommandExecutor$1 lambda$0 Detected dialect: W3C
org.openqa.selenium.NoSuchElementException: An element could not be located on the page using the given search parameters.
For documentation on this error, please visit: https://www.seleniumhq.org/exceptions/no_such_element.html
Build info: version: '3.141.59', revision: 'e82be7d358', time: '2018-11-14T08:17:03'
System info: host: 'SD-APPS-090', ip: '10.65.148.57', os.name: 'Windows 10', os.arch: 'amd64', os.version: '10.0', java.version: '1.8.0_202'
Driver info: io.appium.java_client.android.AndroidDriver
Capabilities {automationName: UiAutomator2, databaseEnabled: false, desired: {automationName: UiAutomator2, deviceName: G8S ThinQ, newCommandTimeout: 600, platformName: android, platformVersion: 11, udid: LMG810EAWef6f059b}, deviceApiLevel: 30, deviceManufacturer: LGE, deviceModel: LM-G810, deviceName: LMG810EAWef6f059b, deviceScreenDensity: 420, deviceScreenSize: 1080x2248, deviceUDID: LMG810EAWef6f059b, javascriptEnabled: true, locationContextEnabled: false, networkConnectionEnabled: true, newCommandTimeout: 600, pixelRatio: 2.625, platform: LINUX, platformName: Android, platformVersion: 11, statBarHeight: 88, takesScreenshot: true, udid: LMG810EAWef6f059b, viewportRect: {height: 1946, left: 0, top: 88, width: 1080}, warnings: {}, webStorageEnabled: false}
Session ID: 1560c2fa-36fd-4953-a710-ad3327100bfa
*** Element info: {Using=xpath, value=//*[@resource-id='com.itel.filemanager:id/notice_ok']}
	at sun.reflect.NativeConstructorAccessorImpl.newInstance0(Native Method)
	at sun.reflect.NativeConstructorAccessorImpl.newInstance(NativeConstructorAccessorImpl.java:62)
	at sun.reflect.DelegatingConstructorAccessorImpl.newInstance(DelegatingConstructorAccessorImpl.java:45)
	at java.lang.reflect.Constructor.newInstance(Constructor.java:423)
	at org.openqa.selenium.remote.http.W3CHttpResponseCodec.createException(W3CHttpResponseCodec.java:187)
	at org.openqa.selenium.remote.http.W3CHttpResponseCodec.decode(W3CHttpResponseCodec.java:122)
	at org.openqa.selenium.remote.http.W3CHttpResponseCodec.decode(W3CHttpResponseCodec.java:49)
	at org.openqa.selenium.remote.HttpCommandExecutor.execute(HttpCommandExecutor.java:158)
	at io.appium.java_client.remote.AppiumCommandExecutor.execute(AppiumCommandExecutor.java:239)
	at org.openqa.selenium.remote.RemoteWebDriver.execute(RemoteWebDriver.java:552)
	at io.appium.java_client.DefaultGenericMobileDriver.execute(DefaultGenericMobileDriver.java:42)
	at io.appium.java_client.AppiumDriver.execute(AppiumDriver.java:1)
	at io.appium.java_client.android.AndroidDriver.execute(AndroidDriver.java:1)
	at org.openqa.selenium.remote.RemoteWebDriver.findElement(RemoteWebDriver.java:323)
	at io.appium.java_client.DefaultGenericMobileDriver.findElement(DefaultGenericMobileDriver.java:62)
	at io.appium.java_client.AppiumDriver.findElement(AppiumDriver.java:1)
	at io.appium.java_client.android.AndroidDriver.findElement(AndroidDriver.java:1)
	at org.openqa.selenium.remote.RemoteWebDriver.findElementByXPath(RemoteWebDriver.java:428)
	at io.appium.java_client.DefaultGenericMobileDriver.findElementByXPath(DefaultGenericMobileDriver.java:152)
	at io.appium.java_client.AppiumDriver.findElementByXPath(AppiumDriver.java:1)
	at io.appium.java_client.android.AndroidDriver.findElementByXPath(AndroidDriver.java:1)
	at org.openqa.selenium.By$ByXPath.findElement(By.java:353)
	at org.openqa.selenium.remote.RemoteWebDriver.findElement(RemoteWebDriver.java:315)
	at io.appium.java_client.DefaultGenericMobileDriver.findElement(DefaultGenericMobileDriver.java:58)
	at io.appium.java_client.AppiumDriver.findElement(AppiumDriver.java:1)
	at io.appium.java_client.android.AndroidDriver.findElement(AndroidDriver.java:1)
	at LG_G8s_ThinQ.Test18.CopyPaste(Test18.java:140)
	at sun.reflect.NativeMethodAccessorImpl.invoke0(Native Method)
	at sun.reflect.NativeMethodAccessorImpl.invoke(NativeMethodAccessorImpl.java:62)
	at sun.reflect.DelegatingMethodAccessorImpl.invoke(DelegatingMethodAccessorImpl.java:43)
	at java.lang.reflect.Method.invoke(Method.java:498)
	at org.testng.internal.MethodInvocationHelper.invokeMethod(MethodInvocationHelper.java:80)
	at org.testng.internal.Invoker.invokeMethod(Invoker.java:673)
	at org.testng.internal.Invoker.invokeTestMethod(Invoker.java:842)
	at org.testng.internal.Invoker.invokeTestMethods(Invoker.java:1166)
	at org.testng.internal.TestMethodWorker.invokeTestMethods(TestMethodWorker.java:125)
	at org.testng.internal.TestMethodWorker.run(TestMethodWorker.java:109)
	at org.testng.TestRunner.runWorkers(TestRunner.java:1178)
	at org.testng.TestRunner.privateRun(TestRunner.java:757)
	at org.testng.TestRunner.run(TestRunner.java:608)
	at org.testng.SuiteRunner.runTest(SuiteRunner.java:334)
	at org.testng.SuiteRunner.runSequentially(SuiteRunner.java:329)
	at org.testng.SuiteRunner.privateRun(SuiteRunner.java:291)
	at org.testng.SuiteRunner.run(SuiteRunner.java:240)
	at org.testng.SuiteRunnerWorker.runSuite(SuiteRunnerWorker.java:52)
	at org.testng.SuiteRunnerWorker.run(SuiteRunnerWorker.java:86)
	at org.testng.TestNG.runSuitesSequentially(TestNG.java:1158)
	at org.testng.TestNG.runSuitesSequentially(TestNG.java:1154)
	at org.testng.TestNG.runSuitesLocally(TestNG.java:1083)
	at org.testng.TestNG.run(TestNG.java:999)
	at org.apache.maven.surefire.testng.TestNGExecutor.run(TestNGExecutor.java:284)
	at org.apache.maven.surefire.testng.TestNGXmlTestSuite.execute(TestNGXmlTestSuite.java:75)
	at org.apache.maven.surefire.testng.TestNGProvider.invoke(TestNGProvider.java:119)
	at org.apache.maven.surefire.booter.ForkedBooter.runSuitesInProcess(ForkedBooter.java:428)
	at org.apache.maven.surefire.booter.ForkedBooter.execute(ForkedBooter.java:162)
	at org.apache.maven.surefire.booter.ForkedBooter.run(ForkedBooter.java:562)
	at org.apache.maven.surefire.booter.ForkedBooter.main(ForkedBooter.java:548)
]]></system-err>
  </testcase>
  <testcase name="recordAudio" classname="LG_G8s_ThinQ.Test8" time="553.894">
    <system-out><![CDATA[Test: Start
===================================================================================================================================================================================================================================================================================================================================================================================================================================================================================================================================================================================================================================================================================================================================
Test8 scenario is as follows
1.Launch mobile default voice recording application and set uSD card storage option, record audio file for 2 minutes duration
2.Launch file manager application and playback recorded audio file from external storage, fast forward audio file and pause
3.Launch file manager application and playback copied audio files from external storage the files are placed in the Test1 folder
Setting up the appium desired capabilities
===================================================================================================================================================================================================================================================================================================================================================================================================================================================================================================================================================================================================================================================================================================================================
Clearing Recent Apps
Pass: Test0 Pass for clearing Recent apps 
Clicking on more options
Clicking on Settings Tab
Clicking on save to
Select uSD Card save location
Start Recording
Saving recorded files
Recording Completed
Pass: Test8 pass for audio recording in uSD Card
===================================================================================================================================================================================================================================================================================================================================================================================================================================================================================================================================================================================================================================================================================================================================
Launch File Manager Application to verify recorded audio
swipe up and search for sd card
Select  SD Card
switch to grid view mode and select AudioRecorder folder
Select AudioRecorder Folder
Select my_sounds Folder
switch to list view mode
Select More Options 
Click On Select All Options
Test8: 1 Audio file recorded  sucessfully
Pass: Test8 pass for audio recording in uSD Card
===================================================================================================================================================================================================================================================================================================================================================================================================================================================================================================================================================================================================================================================================================================================================
Calling PlayRecordedAudio() to play back recorded file
Clear Recent Apps
Clearing Recent Apps
Pass: Test0 Pass for clearing Recent apps 
Launching file manager application
swipe up and search for sd card
Select  SD Card
switch to grid view mode and select AudioRecorder folder
clicking AudioRecorder folder
Clicking recordings folder
switch to list view mode
Started Audio playback
Fast Forwarding Audio for 10 Seconds
click on pause
Pass: Test8 Pass for playing recorded Audio file
Pass: Test8 Pass for playing, fast forward, and pause recorded audio file scenario
===================================================================================================================================================================================================================================================================================================================================================================================================================================================================================================================================================================================================================================================================================================================================
Calling PlayCopiedAudioFile() for copied audio files from Test1 folder
Clearing Recent Apps
Pass: Test0 Pass for clearing Recent apps 
Launching file manager application
swipe up and search for sd card
Select  SD Card
Select test1
Select testfile
Select 1GB
Select MP3Files
Select Laahe.Mp3.mp3
Started video playback
Fast Forwarding Audio for 10 Seconds
Pause audio playback
Pass: 1st Copied Audio play back and fast forward is successfull
 select 11 Rob Thomas - Lonely No More.mp3
Started audio playback
Fast Forwarding Audio for 10 Seconds
Pause audio playback
Pass: 2nd Copied Audio play back and fast forward is successfull
select file_example_MP3_5MG.mp3
Started audio playback
Fast Forwarding Audio for 10 Seconds
Pause audio playback
Pass: 3rd Copied Audio play back and fast forward is successfull
Pass: Test8 Pass for Recorded and copied audio play back and fast forward scenario 
===================================================================================================================================================================================================================================================================================================================================================================================================================================================================================================================================================================================================================================================================================================================================
Final Message: Pass Test8 Pass for Recorded and copied audio play back and fast forward scenario
Test: End
===================================================================================================================================================================================================================================================================================================================================================================================================================================================================================================================================================================================================================================================================================================================================
]]></system-out>
    <system-err><![CDATA[2023-01-05 20:03:38 INFO   io.appium.java_client.remote.AppiumCommandExecutor$1 lambda$0 Detected dialect: W3C
2023-01-05 20:03:50 INFO   io.appium.java_client.remote.AppiumCommandExecutor$1 lambda$0 Detected dialect: W3C
]]></system-err>
  </testcase>
  <testcase name="rearVideoRec" classname="LG_G8s_ThinQ.Test10" time="4,218.054">
    <system-out><![CDATA[Test: Start
===================================================================================================================================================================================================================================================================================================================================================================================================================================================================================================================================================================================================================================================================================================================================
Test10 Scenario is as follows
1.Launch Camera application and start back camera video recording for all host applicable resolutions in uSD Card
2.Playback Highest resolution recorded video from USD Card, fast forward playback and pause video scenario 
3.Playback copied videos from Test1 folder, fast forward and pause scenario
Setting up the appium desired capabilities
===================================================================================================================================================================================================================================================================================================================================================================================================================================================================================================================================================================================================================================================================================================================================
Clearing Recent Apps
Pass: Test0 Pass for clearing Recent apps 
Launch Camera Application for rear camera video recording
clcik on next
change to SD card element not found : org.openqa.selenium.NoSuchElementException: An element could not be located on the page using the given search parameters.
For documentation on this error, please visit: https://www.seleniumhq.org/exceptions/no_such_element.html
Build info: version: '3.141.59', revision: 'e82be7d358', time: '2018-11-14T08:17:03'
System info: host: 'SD-APPS-090', ip: '10.65.148.57', os.name: 'Windows 10', os.arch: 'amd64', os.version: '10.0', java.version: '1.8.0_202'
Driver info: io.appium.java_client.android.AndroidDriver
Capabilities {automationName: UiAutomator2, databaseEnabled: false, desired: {automationName: UiAutomator2, deviceName: G8S ThinQ, newCommandTimeout: 1200, platformName: android, platformVersion: 11, udid: LMG810EAWef6f059b}, deviceApiLevel: 30, deviceManufacturer: LGE, deviceModel: LM-G810, deviceName: LMG810EAWef6f059b, deviceScreenDensity: 420, deviceScreenSize: 1080x2248, deviceUDID: LMG810EAWef6f059b, javascriptEnabled: true, locationContextEnabled: false, networkConnectionEnabled: true, newCommandTimeout: 1200, pixelRatio: 2.625, platform: LINUX, platformName: Android, platformVersion: 11, statBarHeight: 88, takesScreenshot: true, udid: LMG810EAWef6f059b, viewportRect: {height: 1946, left: 0, top: 88, width: 1080}, warnings: {}, webStorageEnabled: false}
Session ID: 6d1fe6ab-b66c-46c5-bcad-ce909f31f4e0
*** Element info: {Using=xpath, value=//*[@text='Next']}
clcik on change
===================================================================================================================================================================================================================================================================================================================================================================================================================================================================================================================================================================================================================================================================================================================================
Test10_Bcam_res: 7 resolutions supported
Click On Settings and set uSD card as storage option
Select storage location option
Select SD as storage option
Click On Settings and set uSD card as storage option
Select Video Resolution
Select First Back video resolution: UHD 16:9(60fps)
recordingDurationRear = 580Seconds
Start video recording
Stop video recording
Click On Settings option to select rear video resolution
Select Rear video size
Select second Back video resolution: UHD 16:9
recordingDurationRear1 = 580Seconds
Start video recording
Stop video recording
Click On Settings option to select rear video resolution
Select Rear video size
Select Third Back video resolution: FHD 18:9
recordingDurationRear2 = 580Seconds
Start video recording
Stop video recording
Click On Settings option to select rear video resolution
Select Rear video size
Select Fourth Back video resolution: FHD 16:9 (60fps)
recordingDurationRear3 = 580Seconds
Start video recording
Stop video recording
Click On Settings and set uSD card as storage option
Select Rear video size
Select Fifth Back video resolution: FHD 16:9
recordingDurationRear4 = 580Seconds
Start video recording
Stop video recording
Click On Settings and set uSD card as storage option
Select Rear video size
Select sixth Back video resolution: HD 18:9
recordingDurationRear5 = 380Seconds
Start video recording
Stop video recording
Click On Settings and set uSD card as storage option
Select Rear video size
Select seventh Back video resolution: HD 16:9
Start video recording
Stop video recording
switch to default photo mode
Pass: Rear video recording is successfull
===================================================================================================================================================================================================================================================================================================================================================================================================================================================================================================================================================================================================================================================================================================================================
Launch File Manager Application to verify captured videos
swipe up and search for sd card
Select  SD Card
swipe up and search for dcim
Select DCIM Folder
Select Camera Folder
Select More Options 
Click On Select All Options
Test10_Bcam_video: 7 Videos captured successfull
===================================================================================================================================================================================================================================================================================================================================================================================================================================================================================================================================================================================================================================================================================================================================
Calling RecordedVideoPlayback() for Playing Highest record video, fast forward video play back scenario
Clearing Recent Apps
Clearing Recent Apps
Pass: Test0 Pass for clearing Recent apps 
Launch files Application 
swipe up and search for sd card
Select  SD Card
Select DCIM folder
Select Camera folder
select more options
Select Sort BY
Select Largest first
Click on first file to play highest recorded resolution video file
Tap Somewhere on Screen for contents to visible on Screen
Fast forward video for 10 seconds
Pause video playback
Pass: Recorded Video play back and fast forward successfull 
===================================================================================================================================================================================================================================================================================================================================================================================================================================================================================================================================================================================================================================================================================================================================
Calling DataMovementOperation() to move recorded rear camer videos to Test10 Folder 
Re-launch file manager application and select external storage for data move operation, select all rear camera videos present in camera folder and move to Test10 folder
Select external storage
switch to grid view mode and select DCIM folder
Select DCIM folder
Select camera folder
switch to list view mode
Click More options
Click select all
Click More options
select move to option
select uSD Card
Select ADD NEW Folder option
Name folder as Test10
Accept create folder
Cut paste  video files operation completed successfully
Test10: Data move operation completed successfully
Pass: Test10 Pass for data move operation successfully
===================================================================================================================================================================================================================================================================================================================================================================================================================================================================================================================================================================================================================================================================================================================================
Calling copiedvideosPlayBack() for playing copied video file from Test1 folder
Clearing Recent Apps
Pass: Test0 Pass for clearing Recent apps 
Launch file manager application, select uSD card, select Test1 folder, select Videos folder and Play copied videos and fast forward the same 
swipe up and search for sd card
Select  SD Card
Select Test1 folder
Select test_file folder
Select OneGB folder
Select video folder
Select LG_4K_DEMO_HDR_2018_(60FPS)_ELBA(480p).mp4 file for video playback
Tap Somewhere on Screen for contents to visible on Screen
Started video playback
Tap Somewhere on Screen for contents to visible on Screen
Click fast forward button for 10 seconds video forward
Pause video playback
Select FHD 5.1 ( 1350 X 2560 ).webm file for video playback
Started video playback
Tap Somewhere on Screen for contents to visible on Screen
Click fast forward button for 10 seconds video forward
Click pause button to stop video
Pass: FHD Video play back and fast forward is successful 
===================================================================================================================================================================================================================================================================================================================================================================================================================================================================================================================================================================================================================================================================================================================================
Final message: Pass Test10 Pass for Playing Copied Video files, recorded video file and fast forward video play back scenario 
Test: End
===================================================================================================================================================================================================================================================================================================================================================================================================================================================================================================================================================================================================================================================================================================================================
]]></system-out>
    <system-err><![CDATA[2023-01-05 20:12:59 INFO   io.appium.java_client.remote.AppiumCommandExecutor$1 lambda$0 Detected dialect: W3C
2023-01-05 20:13:07 INFO   io.appium.java_client.remote.AppiumCommandExecutor$1 lambda$0 Detected dialect: W3C
Pass: 4K Video play back and fast forward is successful 
]]></system-err>
  </testcase>
  <testcase name="frontVideoRec" classname="LG_G8s_ThinQ.Test10F" time="2,015.647">
    <system-out><![CDATA[Test:Start
===================================================================================================================================================================================================================================================================================================================================================================================================================================================================================================================================================================================================================================================================================================================================
Test10F Scenario is as follows
Launch Camera application and start front camera video recording for all host applicable resolutions in uSD Card
Playback front Highest recorded video from uSD card for 30 seconds, pause video playback, lock mobile and wait 30 seconds, unlock mobile and playback video from pause video duration
Setting up the appium desired capabilities
===================================================================================================================================================================================================================================================================================================================================================================================================================================================================================================================================================================================================================================================================================================================================
Clearing Recent Apps
Pass: Test0 Pass for clearing Recent apps 
Launch Camera Application for rear camera video recording
clcik on next
Test10F_Fcam_res: 3 resolutions supported
Switch to video mode
Click On Settings option to select frontvideocamera
Click On Settings and set uSD card as storage option
Select storage location option
Select SD as storage option
Click On Settings option to select frontvideo resolution
Select Video Resolution
Select First Back video resolution: FHD 16:9 1920x1080
recordingDurationfront = 380Seconds
Start video recording
Stop video recording
Click On Settings option to select frontvideo resolution
Select Video Resolution
Select Second Back video resolution: FHD 16:9 1920x1080
recordingDurationfront1 = 580Seconds
Start video recording
Stop video recording
Click On Settings option to select frontvideo resolution
Select Video Resolution
Select Third Back video resolution: HD 16:9 1280x720
recordingDurationfront2 = 580Seconds
Start video recording
Stop video recording
switch to default photo mode
Pass: Test10F pass for front camera video recording
===================================================================================================================================================================================================================================================================================================================================================================================================================================================================================================================================================================================================================================================================================================================================
Launch File Manager Application to verify captured videos
swipe up and search for sd card
Select  SD Card
swipe up and search for dcim
Select DCIM Folder
Select Camera Folder
Select More Options 
Click On Select All Options
Test10F_Fcam_video: 3 Videos captured successfull
===================================================================================================================================================================================================================================================================================================================================================================================================================================================================================================================================================================================================================================================================================================================================
Calling VideoPlayBackForSleepWake()
Clearing Recent Apps
Pass: Test0 Pass for clearing Recent apps 
Launch File Manager application and playback front recorded video from USD for 30 seconds, pause video playback, locking phone and unlock after 30 seconds delay and playback video from pause duration.
swipe up and search for sd card
Select External Storage
//Select DCIM Folder
//Select camera
select more options
Select Sort BY
Select Newest date first
Click on first file to play highest recorded resolution video file
Started video playback
Tap Somewhere on Screen for contents to visible on Screen
Lock Mobile with 30 seconds delay
Unlock Mobile
Pass: Test10F Pass for Front video play back, Pause,Lock and Unlock Phone Play back from Pause duration Scenario
===================================================================================================================================================================================================================================================================================================================================================================================================================================================================================================================================================================================================================================================================================================================================
Calling Data Move Operation
Re-launch file manager application and select external storage for data move operation, select all rear camera videos present in camera folder and move to Test10 folder
Select external storage
switch to grid view mode and select DCIM folder
Select DCIM folder
Select camera folder
switch to list view mode
Click More options
Click select all
Click More options
select move to option
select uSD Card
Select ADD NEW Folder option
Name folder as Test10F
Accept create folder
Cut paste  video files operation completed successfully
Test10F: Data move operation completed successfully
Pass: Test10F Pass for data move operation successfully
===================================================================================================================================================================================================================================================================================================================================================================================================================================================================================================================================================================================================================================================================================================================================
Final Message: Pass Test10F Pass for Pause Video Playback
Test: End
===================================================================================================================================================================================================================================================================================================================================================================================================================================================================================================================================================================================================================================================================================================================================
===================================================================================================================================================================================================================================================================================================================================================================================================================================================================================================================================================================================================================================================================================================================================
]]></system-out>
    <system-err><![CDATA[2023-01-05 21:23:26 INFO   io.appium.java_client.remote.AppiumCommandExecutor$1 lambda$0 Detected dialect: W3C
2023-01-05 21:23:34 INFO   io.appium.java_client.remote.AppiumCommandExecutor$1 lambda$0 Detected dialect: W3C
change to SD card element not found : org.openqa.selenium.NoSuchElementException: An element could not be located on the page using the given search parameters.
For documentation on this error, please visit: https://www.seleniumhq.org/exceptions/no_such_element.html
Build info: version: '3.141.59', revision: 'e82be7d358', time: '2018-11-14T08:17:03'
System info: host: 'SD-APPS-090', ip: '10.65.148.57', os.name: 'Windows 10', os.arch: 'amd64', os.version: '10.0', java.version: '1.8.0_202'
Driver info: io.appium.java_client.android.AndroidDriver
Capabilities {automationName: UiAutomator2, databaseEnabled: false, desired: {automationName: UiAutomator2, deviceName: G8S ThinQ, newCommandTimeout: 1200, platformName: android, platformVersion: 11, udid: LMG810EAWef6f059b}, deviceApiLevel: 30, deviceManufacturer: LGE, deviceModel: LM-G810, deviceName: LMG810EAWef6f059b, deviceScreenDensity: 420, deviceScreenSize: 1080x2248, deviceUDID: LMG810EAWef6f059b, javascriptEnabled: true, locationContextEnabled: false, networkConnectionEnabled: true, newCommandTimeout: 1200, pixelRatio: 2.625, platform: LINUX, platformName: Android, platformVersion: 11, statBarHeight: 88, takesScreenshot: true, udid: LMG810EAWef6f059b, viewportRect: {height: 1946, left: 0, top: 88, width: 1080}, warnings: {}, webStorageEnabled: false}
Session ID: 5b986337-129f-489d-8515-e1e0db38c215
*** Element info: {Using=xpath, value=//*[@text='Next']}
Wait For 30Seconds
]]></system-err>
  </testcase>
  <testcase name="RearPictureCapture" classname="LG_G8s_ThinQ.Test9" time="1,990.66">
    <system-out><![CDATA[Test: Start
===================================================================================================================================================================================================================================================================================================================================================================================================================================================================================================================================================================================================================================================================================================================================
Test9 Scenario is follows:
Launch camera application, set USD as a Storage option, start rear camera Image capture for all host resolutions
Setting up the appium desired capabilities
Clearing Recent Apps
Pass: Test9 Pass for clearing Recent apps 
Launch Camera application for rear Picture capture for all host resolution
clcik on next
change to SD card element not found : org.openqa.selenium.NoSuchElementException: An element could not be located on the page using the given search parameters.
For documentation on this error, please visit: https://www.seleniumhq.org/exceptions/no_such_element.html
Build info: version: '3.141.59', revision: 'e82be7d358', time: '2018-11-14T08:17:03'
System info: host: 'SD-APPS-090', ip: '10.65.148.57', os.name: 'Windows 10', os.arch: 'amd64', os.version: '10.0', java.version: '1.8.0_202'
Driver info: io.appium.java_client.android.AndroidDriver
Capabilities {automationName: UiAutomator2, databaseEnabled: false, desired: {automationName: UiAutomator2, deviceName: G8S ThinQ, newCommandTimeout: 600, platformName: android, platformVersion: 11, udid: LMG810EAWef6f059b}, deviceApiLevel: 30, deviceManufacturer: LGE, deviceModel: LM-G810, deviceName: LMG810EAWef6f059b, deviceScreenDensity: 420, deviceScreenSize: 1080x2248, deviceUDID: LMG810EAWef6f059b, javascriptEnabled: true, locationContextEnabled: false, networkConnectionEnabled: true, newCommandTimeout: 600, pixelRatio: 2.625, platform: LINUX, platformName: Android, platformVersion: 11, statBarHeight: 88, takesScreenshot: true, udid: LMG810EAWef6f059b, viewportRect: {height: 1946, left: 0, top: 88, width: 1080}, warnings: {}, webStorageEnabled: false}
Session ID: 6ca11cad-31e1-4efa-8677-f4b8b0a111a0
*** Element info: {Using=xpath, value=//*[@text='Next']}
clcik on change
Test9_Bcam_res: 8 resolutions supported
Click On Settings and set uSD card as storage option
Select storage location option
Select SD as storage option
Select Rear Image Size
Select camera Resolution
Select first Image Resoution: 4:3 (12 MP)
totalPictureCountRear = 50
clicking Image of 1st Resolutions 4:3 (12 MP): 0
clicking Image of 1st Resolutions 4:3 (12 MP): 1
clicking Image of 1st Resolutions 4:3 (12 MP): 2
clicking Image of 1st Resolutions 4:3 (12 MP): 3
clicking Image of 1st Resolutions 4:3 (12 MP): 4
clicking Image of 1st Resolutions 4:3 (12 MP): 5
clicking Image of 1st Resolutions 4:3 (12 MP): 6
clicking Image of 1st Resolutions 4:3 (12 MP): 7
clicking Image of 1st Resolutions 4:3 (12 MP): 8
clicking Image of 1st Resolutions 4:3 (12 MP): 9
clicking Image of 1st Resolutions 4:3 (12 MP): 10
clicking Image of 1st Resolutions 4:3 (12 MP): 11
clicking Image of 1st Resolutions 4:3 (12 MP): 12
clicking Image of 1st Resolutions 4:3 (12 MP): 13
clicking Image of 1st Resolutions 4:3 (12 MP): 14
clicking Image of 1st Resolutions 4:3 (12 MP): 15
clicking Image of 1st Resolutions 4:3 (12 MP): 16
clicking Image of 1st Resolutions 4:3 (12 MP): 17
clicking Image of 1st Resolutions 4:3 (12 MP): 18
clicking Image of 1st Resolutions 4:3 (12 MP): 19
clicking Image of 1st Resolutions 4:3 (12 MP): 20
clicking Image of 1st Resolutions 4:3 (12 MP): 21
clicking Image of 1st Resolutions 4:3 (12 MP): 22
clicking Image of 1st Resolutions 4:3 (12 MP): 23
clicking Image of 1st Resolutions 4:3 (12 MP): 24
clicking Image of 1st Resolutions 4:3 (12 MP): 25
clicking Image of 1st Resolutions 4:3 (12 MP): 26
clicking Image of 1st Resolutions 4:3 (12 MP): 27
clicking Image of 1st Resolutions 4:3 (12 MP): 28
clicking Image of 1st Resolutions 4:3 (12 MP): 29
clicking Image of 1st Resolutions 4:3 (12 MP): 30
clicking Image of 1st Resolutions 4:3 (12 MP): 31
clicking Image of 1st Resolutions 4:3 (12 MP): 32
clicking Image of 1st Resolutions 4:3 (12 MP): 33
clicking Image of 1st Resolutions 4:3 (12 MP): 34
clicking Image of 1st Resolutions 4:3 (12 MP): 35
clicking Image of 1st Resolutions 4:3 (12 MP): 36
clicking Image of 1st Resolutions 4:3 (12 MP): 37
clicking Image of 1st Resolutions 4:3 (12 MP): 38
clicking Image of 1st Resolutions 4:3 (12 MP): 39
clicking Image of 1st Resolutions 4:3 (12 MP): 40
clicking Image of 1st Resolutions 4:3 (12 MP): 41
clicking Image of 1st Resolutions 4:3 (12 MP): 42
clicking Image of 1st Resolutions 4:3 (12 MP): 43
clicking Image of 1st Resolutions 4:3 (12 MP): 44
clicking Image of 1st Resolutions 4:3 (12 MP): 45
clicking Image of 1st Resolutions 4:3 (12 MP): 46
clicking Image of 1st Resolutions 4:3 (12 MP): 47
clicking Image of 1st Resolutions 4:3 (12 MP): 48
clicking Image of 1st Resolutions 4:3 (12 MP): 49
Back camera first resolution: 50 images Captured succesfull
Select Rear Image Size
Select camera Resolution
Select first Image Resoution: 4:3 (6.1MP)
totalPictureCountRear1 = 50
clicking Image of second Resolutions  4:3 (6.1MP): 0
clicking Image of second Resolutions  4:3 (6.1MP): 1
clicking Image of second Resolutions  4:3 (6.1MP): 2
clicking Image of second Resolutions  4:3 (6.1MP): 3
clicking Image of second Resolutions  4:3 (6.1MP): 4
clicking Image of second Resolutions  4:3 (6.1MP): 5
clicking Image of second Resolutions  4:3 (6.1MP): 6
clicking Image of second Resolutions  4:3 (6.1MP): 7
clicking Image of second Resolutions  4:3 (6.1MP): 8
clicking Image of second Resolutions  4:3 (6.1MP): 9
clicking Image of second Resolutions  4:3 (6.1MP): 10
clicking Image of second Resolutions  4:3 (6.1MP): 11
clicking Image of second Resolutions  4:3 (6.1MP): 12
clicking Image of second Resolutions  4:3 (6.1MP): 13
clicking Image of second Resolutions  4:3 (6.1MP): 14
clicking Image of second Resolutions  4:3 (6.1MP): 15
clicking Image of second Resolutions  4:3 (6.1MP): 16
clicking Image of second Resolutions  4:3 (6.1MP): 17
clicking Image of second Resolutions  4:3 (6.1MP): 18
clicking Image of second Resolutions  4:3 (6.1MP): 19
clicking Image of second Resolutions  4:3 (6.1MP): 20
clicking Image of second Resolutions  4:3 (6.1MP): 21
clicking Image of second Resolutions  4:3 (6.1MP): 22
clicking Image of second Resolutions  4:3 (6.1MP): 23
clicking Image of second Resolutions  4:3 (6.1MP): 24
clicking Image of second Resolutions  4:3 (6.1MP): 25
clicking Image of second Resolutions  4:3 (6.1MP): 26
clicking Image of second Resolutions  4:3 (6.1MP): 27
clicking Image of second Resolutions  4:3 (6.1MP): 28
clicking Image of second Resolutions  4:3 (6.1MP): 29
clicking Image of second Resolutions  4:3 (6.1MP): 30
clicking Image of second Resolutions  4:3 (6.1MP): 31
clicking Image of second Resolutions  4:3 (6.1MP): 32
clicking Image of second Resolutions  4:3 (6.1MP): 33
clicking Image of second Resolutions  4:3 (6.1MP): 34
clicking Image of second Resolutions  4:3 (6.1MP): 35
clicking Image of second Resolutions  4:3 (6.1MP): 36
clicking Image of second Resolutions  4:3 (6.1MP): 37
clicking Image of second Resolutions  4:3 (6.1MP): 38
clicking Image of second Resolutions  4:3 (6.1MP): 39
clicking Image of second Resolutions  4:3 (6.1MP): 40
clicking Image of second Resolutions  4:3 (6.1MP): 41
clicking Image of second Resolutions  4:3 (6.1MP): 42
clicking Image of second Resolutions  4:3 (6.1MP): 43
clicking Image of second Resolutions  4:3 (6.1MP): 44
clicking Image of second Resolutions  4:3 (6.1MP): 45
clicking Image of second Resolutions  4:3 (6.1MP): 46
clicking Image of second Resolutions  4:3 (6.1MP): 47
clicking Image of second Resolutions  4:3 (6.1MP): 48
clicking Image of second Resolutions  4:3 (6.1MP): 49
Back camera second resolution: 50 images Captured succesfull
Select Rear Image Size
Select camera Resolution
Select third Image Resoution:16:9 (9.2 MP)
totalPictureCountRear2 = 50
clicking Image of 3rd Resolutions 16:9 (9.2 MP): 0
clicking Image of 3rd Resolutions 16:9 (9.2 MP): 1
clicking Image of 3rd Resolutions 16:9 (9.2 MP): 2
clicking Image of 3rd Resolutions 16:9 (9.2 MP): 3
clicking Image of 3rd Resolutions 16:9 (9.2 MP): 4
clicking Image of 3rd Resolutions 16:9 (9.2 MP): 5
clicking Image of 3rd Resolutions 16:9 (9.2 MP): 6
clicking Image of 3rd Resolutions 16:9 (9.2 MP): 7
clicking Image of 3rd Resolutions 16:9 (9.2 MP): 8
clicking Image of 3rd Resolutions 16:9 (9.2 MP): 9
clicking Image of 3rd Resolutions 16:9 (9.2 MP): 10
clicking Image of 3rd Resolutions 16:9 (9.2 MP): 11
clicking Image of 3rd Resolutions 16:9 (9.2 MP): 12
clicking Image of 3rd Resolutions 16:9 (9.2 MP): 13
clicking Image of 3rd Resolutions 16:9 (9.2 MP): 14
clicking Image of 3rd Resolutions 16:9 (9.2 MP): 15
clicking Image of 3rd Resolutions 16:9 (9.2 MP): 16
clicking Image of 3rd Resolutions 16:9 (9.2 MP): 17
clicking Image of 3rd Resolutions 16:9 (9.2 MP): 18
clicking Image of 3rd Resolutions 16:9 (9.2 MP): 19
clicking Image of 3rd Resolutions 16:9 (9.2 MP): 20
clicking Image of 3rd Resolutions 16:9 (9.2 MP): 21
clicking Image of 3rd Resolutions 16:9 (9.2 MP): 22
clicking Image of 3rd Resolutions 16:9 (9.2 MP): 23
clicking Image of 3rd Resolutions 16:9 (9.2 MP): 24
clicking Image of 3rd Resolutions 16:9 (9.2 MP): 25
clicking Image of 3rd Resolutions 16:9 (9.2 MP): 26
clicking Image of 3rd Resolutions 16:9 (9.2 MP): 27
clicking Image of 3rd Resolutions 16:9 (9.2 MP): 28
clicking Image of 3rd Resolutions 16:9 (9.2 MP): 29
clicking Image of 3rd Resolutions 16:9 (9.2 MP): 30
clicking Image of 3rd Resolutions 16:9 (9.2 MP): 31
clicking Image of 3rd Resolutions 16:9 (9.2 MP): 32
clicking Image of 3rd Resolutions 16:9 (9.2 MP): 33
clicking Image of 3rd Resolutions 16:9 (9.2 MP): 34
clicking Image of 3rd Resolutions 16:9 (9.2 MP): 35
clicking Image of 3rd Resolutions 16:9 (9.2 MP): 36
clicking Image of 3rd Resolutions 16:9 (9.2 MP): 37
clicking Image of 3rd Resolutions 16:9 (9.2 MP): 38
clicking Image of 3rd Resolutions 16:9 (9.2 MP): 39
clicking Image of 3rd Resolutions 16:9 (9.2 MP): 40
clicking Image of 3rd Resolutions 16:9 (9.2 MP): 41
clicking Image of 3rd Resolutions 16:9 (9.2 MP): 42
clicking Image of 3rd Resolutions 16:9 (9.2 MP): 43
clicking Image of 3rd Resolutions 16:9 (9.2 MP): 44
clicking Image of 3rd Resolutions 16:9 (9.2 MP): 45
clicking Image of 3rd Resolutions 16:9 (9.2 MP): 46
clicking Image of 3rd Resolutions 16:9 (9.2 MP): 47
clicking Image of 3rd Resolutions 16:9 (9.2 MP): 48
clicking Image of 3rd Resolutions 16:9 (9.2 MP): 49
Back camera third resolution: 50 images Captured succesfull
Select Rear Image Size
Select camera Resolution
Select fourth Image Resoution:  16:9 (4.6MP)
totalPictureCountRear3 = 40
clicking Image of 4th Resolutions  16:9 (4.6MP): 0
clicking Image of 4th Resolutions  16:9 (4.6MP): 1
clicking Image of 4th Resolutions  16:9 (4.6MP): 2
clicking Image of 4th Resolutions  16:9 (4.6MP): 3
clicking Image of 4th Resolutions  16:9 (4.6MP): 4
clicking Image of 4th Resolutions  16:9 (4.6MP): 5
clicking Image of 4th Resolutions  16:9 (4.6MP): 6
clicking Image of 4th Resolutions  16:9 (4.6MP): 7
clicking Image of 4th Resolutions  16:9 (4.6MP): 8
clicking Image of 4th Resolutions  16:9 (4.6MP): 9
clicking Image of 4th Resolutions  16:9 (4.6MP): 10
clicking Image of 4th Resolutions  16:9 (4.6MP): 11
clicking Image of 4th Resolutions  16:9 (4.6MP): 12
clicking Image of 4th Resolutions  16:9 (4.6MP): 13
clicking Image of 4th Resolutions  16:9 (4.6MP): 14
clicking Image of 4th Resolutions  16:9 (4.6MP): 15
clicking Image of 4th Resolutions  16:9 (4.6MP): 16
clicking Image of 4th Resolutions  16:9 (4.6MP): 17
clicking Image of 4th Resolutions  16:9 (4.6MP): 18
clicking Image of 4th Resolutions  16:9 (4.6MP): 19
clicking Image of 4th Resolutions  16:9 (4.6MP): 20
clicking Image of 4th Resolutions  16:9 (4.6MP): 21
clicking Image of 4th Resolutions  16:9 (4.6MP): 22
clicking Image of 4th Resolutions  16:9 (4.6MP): 23
clicking Image of 4th Resolutions  16:9 (4.6MP): 24
clicking Image of 4th Resolutions  16:9 (4.6MP): 25
clicking Image of 4th Resolutions  16:9 (4.6MP): 26
clicking Image of 4th Resolutions  16:9 (4.6MP): 27
clicking Image of 4th Resolutions  16:9 (4.6MP): 28
clicking Image of 4th Resolutions  16:9 (4.6MP): 29
clicking Image of 4th Resolutions  16:9 (4.6MP): 30
clicking Image of 4th Resolutions  16:9 (4.6MP): 31
clicking Image of 4th Resolutions  16:9 (4.6MP): 32
clicking Image of 4th Resolutions  16:9 (4.6MP): 33
clicking Image of 4th Resolutions  16:9 (4.6MP): 34
clicking Image of 4th Resolutions  16:9 (4.6MP): 35
clicking Image of 4th Resolutions  16:9 (4.6MP): 36
clicking Image of 4th Resolutions  16:9 (4.6MP): 37
clicking Image of 4th Resolutions  16:9 (4.6MP): 38
clicking Image of 4th Resolutions  16:9 (4.6MP): 39
Back camera fourth resolution: 40 images Captured succesfull
Select Rear Image Size
Select camera Resolution
Select fifth Image Resoution: 118:9 (8.1MP) 
totalPictureCountRear4 = 40
clicking Image of 5th Resolutions 18:9 (8.1MP) : 0
clicking Image of 5th Resolutions 18:9 (8.1MP) : 1
clicking Image of 5th Resolutions 18:9 (8.1MP) : 2
clicking Image of 5th Resolutions 18:9 (8.1MP) : 3
clicking Image of 5th Resolutions 18:9 (8.1MP) : 4
clicking Image of 5th Resolutions 18:9 (8.1MP) : 5
clicking Image of 5th Resolutions 18:9 (8.1MP) : 6
clicking Image of 5th Resolutions 18:9 (8.1MP) : 7
clicking Image of 5th Resolutions 18:9 (8.1MP) : 8
clicking Image of 5th Resolutions 18:9 (8.1MP) : 9
clicking Image of 5th Resolutions 18:9 (8.1MP) : 10
clicking Image of 5th Resolutions 18:9 (8.1MP) : 11
clicking Image of 5th Resolutions 18:9 (8.1MP) : 12
clicking Image of 5th Resolutions 18:9 (8.1MP) : 13
clicking Image of 5th Resolutions 18:9 (8.1MP) : 14
clicking Image of 5th Resolutions 18:9 (8.1MP) : 15
clicking Image of 5th Resolutions 18:9 (8.1MP) : 16
clicking Image of 5th Resolutions 18:9 (8.1MP) : 17
clicking Image of 5th Resolutions 18:9 (8.1MP) : 18
clicking Image of 5th Resolutions 18:9 (8.1MP) : 19
clicking Image of 5th Resolutions 18:9 (8.1MP) : 20
clicking Image of 5th Resolutions 18:9 (8.1MP) : 21
clicking Image of 5th Resolutions 18:9 (8.1MP) : 22
clicking Image of 5th Resolutions 18:9 (8.1MP) : 23
clicking Image of 5th Resolutions 18:9 (8.1MP) : 24
clicking Image of 5th Resolutions 18:9 (8.1MP) : 25
clicking Image of 5th Resolutions 18:9 (8.1MP) : 26
clicking Image of 5th Resolutions 18:9 (8.1MP) : 27
clicking Image of 5th Resolutions 18:9 (8.1MP) : 28
clicking Image of 5th Resolutions 18:9 (8.1MP) : 29
clicking Image of 5th Resolutions 18:9 (8.1MP) : 30
clicking Image of 5th Resolutions 18:9 (8.1MP) : 31
clicking Image of 5th Resolutions 18:9 (8.1MP) : 32
clicking Image of 5th Resolutions 18:9 (8.1MP) : 33
clicking Image of 5th Resolutions 18:9 (8.1MP) : 34
clicking Image of 5th Resolutions 18:9 (8.1MP) : 35
clicking Image of 5th Resolutions 18:9 (8.1MP) : 36
clicking Image of 5th Resolutions 18:9 (8.1MP) : 37
clicking Image of 5th Resolutions 18:9 (8.1MP) : 38
clicking Image of 5th Resolutions 18:9 (8.1MP) : 39
Back camera 5th resolution: 40 images Captured succesfull
Select Rear Image Size
Select camera Resolution
Select sixth Image Resoution: 18:9 (4.1MP) 
totalPictureCountRear5 = 35
clicking Image of 6th Resolutions 18:9 (4.1MP) : 0
clicking Image of 6th Resolutions 18:9 (4.1MP) : 1
clicking Image of 6th Resolutions 18:9 (4.1MP) : 2
clicking Image of 6th Resolutions 18:9 (4.1MP) : 3
clicking Image of 6th Resolutions 18:9 (4.1MP) : 4
clicking Image of 6th Resolutions 18:9 (4.1MP) : 5
clicking Image of 6th Resolutions 18:9 (4.1MP) : 6
clicking Image of 6th Resolutions 18:9 (4.1MP) : 7
clicking Image of 6th Resolutions 18:9 (4.1MP) : 8
clicking Image of 6th Resolutions 18:9 (4.1MP) : 9
clicking Image of 6th Resolutions 18:9 (4.1MP) : 10
clicking Image of 6th Resolutions 18:9 (4.1MP) : 11
clicking Image of 6th Resolutions 18:9 (4.1MP) : 12
clicking Image of 6th Resolutions 18:9 (4.1MP) : 13
clicking Image of 6th Resolutions 18:9 (4.1MP) : 14
clicking Image of 6th Resolutions 18:9 (4.1MP) : 15
clicking Image of 6th Resolutions 18:9 (4.1MP) : 16
clicking Image of 6th Resolutions 18:9 (4.1MP) : 17
clicking Image of 6th Resolutions 18:9 (4.1MP) : 18
clicking Image of 6th Resolutions 18:9 (4.1MP) : 19
clicking Image of 6th Resolutions 18:9 (4.1MP) : 20
clicking Image of 6th Resolutions 18:9 (4.1MP) : 21
clicking Image of 6th Resolutions 18:9 (4.1MP) : 22
clicking Image of 6th Resolutions 18:9 (4.1MP) : 23
clicking Image of 6th Resolutions 18:9 (4.1MP) : 24
clicking Image of 6th Resolutions 18:9 (4.1MP) : 25
clicking Image of 6th Resolutions 18:9 (4.1MP) : 26
clicking Image of 6th Resolutions 18:9 (4.1MP) : 27
clicking Image of 6th Resolutions 18:9 (4.1MP) : 28
clicking Image of 6th Resolutions 18:9 (4.1MP) : 29
clicking Image of 6th Resolutions 18:9 (4.1MP) : 30
clicking Image of 6th Resolutions 18:9 (4.1MP) : 31
clicking Image of 6th Resolutions 18:9 (4.1MP) : 32
clicking Image of 6th Resolutions 18:9 (4.1MP) : 33
clicking Image of 6th Resolutions 18:9 (4.1MP) : 34
clicking Image of 6th Resolutions 18:9 (4.1MP) : 35
clicking Image of 6th Resolutions 18:9 (4.1MP) : 36
clicking Image of 6th Resolutions 18:9 (4.1MP) : 37
clicking Image of 6th Resolutions 18:9 (4.1MP) : 38
clicking Image of 6th Resolutions 18:9 (4.1MP) : 39
Select Rear Image Size
Select camera Resolution
Select seventh Image Resoution:1:1 (9.7MP) 
totalPictureCountRear6 = 30
clicking Image of 7th Resolutions 1:1 (9.7MP) : 0
clicking Image of 7th Resolutions 1:1 (9.7MP) : 1
clicking Image of 7th Resolutions 1:1 (9.7MP) : 2
clicking Image of 7th Resolutions 1:1 (9.7MP) : 3
clicking Image of 7th Resolutions 1:1 (9.7MP) : 4
clicking Image of 7th Resolutions 1:1 (9.7MP) : 5
clicking Image of 7th Resolutions 1:1 (9.7MP) : 6
clicking Image of 7th Resolutions 1:1 (9.7MP) : 7
clicking Image of 7th Resolutions 1:1 (9.7MP) : 8
clicking Image of 7th Resolutions 1:1 (9.7MP) : 9
clicking Image of 7th Resolutions 1:1 (9.7MP) : 10
clicking Image of 7th Resolutions 1:1 (9.7MP) : 11
clicking Image of 7th Resolutions 1:1 (9.7MP) : 12
clicking Image of 7th Resolutions 1:1 (9.7MP) : 13
clicking Image of 7th Resolutions 1:1 (9.7MP) : 14
clicking Image of 7th Resolutions 1:1 (9.7MP) : 15
clicking Image of 7th Resolutions 1:1 (9.7MP) : 16
clicking Image of 7th Resolutions 1:1 (9.7MP) : 17
clicking Image of 7th Resolutions 1:1 (9.7MP) : 18
clicking Image of 7th Resolutions 1:1 (9.7MP) : 19
clicking Image of 7th Resolutions 1:1 (9.7MP) : 20
clicking Image of 7th Resolutions 1:1 (9.7MP) : 21
clicking Image of 7th Resolutions 1:1 (9.7MP) : 22
clicking Image of 7th Resolutions 1:1 (9.7MP) : 23
clicking Image of 7th Resolutions 1:1 (9.7MP) : 24
clicking Image of 7th Resolutions 1:1 (9.7MP) : 25
clicking Image of 7th Resolutions 1:1 (9.7MP) : 26
clicking Image of 7th Resolutions 1:1 (9.7MP) : 27
clicking Image of 7th Resolutions 1:1 (9.7MP) : 28
clicking Image of 7th Resolutions 1:1 (9.7MP) : 29
clicking Image of 7th Resolutions 1:1 (9.7MP) : 30
clicking Image of 7th Resolutions 1:1 (9.7MP) : 31
clicking Image of 7th Resolutions 1:1 (9.7MP) : 32
clicking Image of 7th Resolutions 1:1 (9.7MP) : 33
clicking Image of 7th Resolutions 1:1 (9.7MP) : 34
clicking Image of 7th Resolutions 1:1 (9.7MP) : 35
clicking Image of 7th Resolutions 1:1 (9.7MP) : 36
clicking Image of 7th Resolutions 1:1 (9.7MP) : 37
clicking Image of 7th Resolutions 1:1 (9.7MP) : 38
clicking Image of 7th Resolutions 1:1 (9.7MP) : 39
Back camera 7th resolution: 40 images Captured succesfull
Select Rear Image Size
Select camera Resolution
Select eighth Image Resoution: 1:1 (3.4MP)
totalPictureCountRear7 = 20
clicking Image of 8th Resolutions 1:1 (3.4MP) 0
clicking Image of 8th Resolutions 1:1 (3.4MP) 1
clicking Image of 8th Resolutions 1:1 (3.4MP) 2
clicking Image of 8th Resolutions 1:1 (3.4MP) 3
clicking Image of 8th Resolutions 1:1 (3.4MP) 4
clicking Image of 8th Resolutions 1:1 (3.4MP) 5
clicking Image of 8th Resolutions 1:1 (3.4MP) 6
clicking Image of 8th Resolutions 1:1 (3.4MP) 7
clicking Image of 8th Resolutions 1:1 (3.4MP) 8
clicking Image of 8th Resolutions 1:1 (3.4MP) 9
clicking Image of 8th Resolutions 1:1 (3.4MP) 10
clicking Image of 8th Resolutions 1:1 (3.4MP) 11
clicking Image of 8th Resolutions 1:1 (3.4MP) 12
clicking Image of 8th Resolutions 1:1 (3.4MP) 13
clicking Image of 8th Resolutions 1:1 (3.4MP) 14
clicking Image of 8th Resolutions 1:1 (3.4MP) 15
clicking Image of 8th Resolutions 1:1 (3.4MP) 16
clicking Image of 8th Resolutions 1:1 (3.4MP) 17
clicking Image of 8th Resolutions 1:1 (3.4MP) 18
clicking Image of 8th Resolutions 1:1 (3.4MP) 19
clicking Image of 8th Resolutions 1:1 (3.4MP) 20
clicking Image of 8th Resolutions 1:1 (3.4MP) 21
clicking Image of 8th Resolutions 1:1 (3.4MP) 22
clicking Image of 8th Resolutions 1:1 (3.4MP) 23
clicking Image of 8th Resolutions 1:1 (3.4MP) 24
clicking Image of 8th Resolutions 1:1 (3.4MP) 25
clicking Image of 8th Resolutions 1:1 (3.4MP) 26
clicking Image of 8th Resolutions 1:1 (3.4MP) 27
clicking Image of 8th Resolutions 1:1 (3.4MP) 28
clicking Image of 8th Resolutions 1:1 (3.4MP) 29
clicking Image of 8th Resolutions 1:1 (3.4MP) 30
clicking Image of 8th Resolutions 1:1 (3.4MP) 31
clicking Image of 8th Resolutions 1:1 (3.4MP) 32
clicking Image of 8th Resolutions 1:1 (3.4MP) 33
clicking Image of 8th Resolutions 1:1 (3.4MP) 34
clicking Image of 8th Resolutions 1:1 (3.4MP) 35
clicking Image of 8th Resolutions 1:1 (3.4MP) 36
clicking Image of 8th Resolutions 1:1 (3.4MP) 37
clicking Image of 8th Resolutions 1:1 (3.4MP) 38
clicking Image of 8th Resolutions 1:1 (3.4MP) 39
Back camera 8th resolution: 40 images Captured succesfull
Total Count value: 350 images to be Captured 
Launch file manager application and verify recorded video present in uSD Card
Swipe up to select uSD card
Select SD card
switch to grid view mode to select DCIM folder
Select DCIM Folder
Select camera folder
switch to list view mode
Click More options
Click select all
Total Image
Test9_Bcam_image: 350 selected images Captured succesfull
Actual Value:350 selected
Interger value:350
Tolerance_Level = 75

Pass: Test9 pass for rear Image capture
Test9 Bcam_image: 350  images Captured succesfull
===================================================================================================================================================================================================================================================================================================================================================================================================================================================================================================================================================================================================================================================================================================================================
calling DataMoveOperation()
Re-launch file manager application and select external storage for data move operation, select all rear camera images files present in camera folder and move to Test9 folder
Select external storage
switch to grid view mode and select DCIM folder
Select DCIM folder
Select camera folder
switch to list view mode
Click More options
Click select all
Click More options
select move to option
select uSD Card
Select ADD NEW Folder option
Name folder as Test9
Accept create folder
Cut paste  video files operation completed successfully
Test9: Data move operation completed successfully
Pass: Test9 Pass for data move operation successfully
===================================================================================================================================================================================================================================================================================================================================================================================================================================================================================================================================================================================================================================================================================================================================
Final message: Pass Test9 Pass for Rear camera image capture  successfully
Test: End
===================================================================================================================================================================================================================================================================================================================================================================================================================================================================================================================================================================================================================================================================================================================================
]]></system-out>
    <system-err><![CDATA[2023-01-05 21:57:10 INFO   io.appium.java_client.remote.AppiumCommandExecutor$1 lambda$0 Detected dialect: W3C
2023-01-05 21:57:22 INFO   io.appium.java_client.remote.AppiumCommandExecutor$1 lambda$0 Detected dialect: W3C
org.openqa.selenium.NoSuchElementException: An element could not be located on the page using the given search parameters.
For documentation on this error, please visit: https://www.seleniumhq.org/exceptions/no_such_element.html
Build info: version: '3.141.59', revision: 'e82be7d358', time: '2018-11-14T08:17:03'
System info: host: 'SD-APPS-090', ip: '10.65.148.57', os.name: 'Windows 10', os.arch: 'amd64', os.version: '10.0', java.version: '1.8.0_202'
Driver info: io.appium.java_client.android.AndroidDriver
[...]
clicking Image of 3rd Resolutions 18:9 (5.3MP) : 63
clicking Image of 3rd Resolutions 18:9 (5.3MP) : 64
clicking Image of 3rd Resolutions 18:9 (5.3MP) : 65
clicking Image of 3rd Resolutions 18:9 (5.3MP) : 66
clicking Image of 3rd Resolutions 18:9 (5.3MP) : 67
clicking Image of 3rd Resolutions 18:9 (5.3MP) : 68
clicking Image of 3rd Resolutions 18:9 (5.3MP) : 69
clicking Image of 3rd Resolutions 18:9 (5.3MP) : 70
clicking Image of 3rd Resolutions 18:9 (5.3MP) : 71
clicking Image of 3rd Resolutions 18:9 (5.3MP) : 72
clicking Image of 3rd Resolutions 18:9 (5.3MP) : 73
clicking Image of 3rd Resolutions 18:9 (5.3MP) : 74
front camera 3rd resolution: 75 images Captured succesfull
Select Rear Image Size
Select camera Resolution
Select fourth Image Resoution: 1:1 (6.0MP)
totalPictureCountFront3 = 75
clicking Image of 4th Resolutions 1:1 (6.0MP): 0
clicking Image of 4th Resolutions 1:1 (6.0MP): 1
clicking Image of 4th Resolutions 1:1 (6.0MP): 2
clicking Image of 4th Resolutions 1:1 (6.0MP): 3
clicking Image of 4th Resolutions 1:1 (6.0MP): 4
clicking Image of 4th Resolutions 1:1 (6.0MP): 5
clicking Image of 4th Resolutions 1:1 (6.0MP): 6
clicking Image of 4th Resolutions 1:1 (6.0MP): 7
clicking Image of 4th Resolutions 1:1 (6.0MP): 8
clicking Image of 4th Resolutions 1:1 (6.0MP): 9
clicking Image of 4th Resolutions 1:1 (6.0MP): 10
clicking Image of 4th Resolutions 1:1 (6.0MP): 11
clicking Image of 4th Resolutions 1:1 (6.0MP): 12
clicking Image of 4th Resolutions 1:1 (6.0MP): 13
clicking Image of 4th Resolutions 1:1 (6.0MP): 14
clicking Image of 4th Resolutions 1:1 (6.0MP): 15
clicking Image of 4th Resolutions 1:1 (6.0MP): 16
clicking Image of 4th Resolutions 1:1 (6.0MP): 17
clicking Image of 4th Resolutions 1:1 (6.0MP): 18
clicking Image of 4th Resolutions 1:1 (6.0MP): 19
clicking Image of 4th Resolutions 1:1 (6.0MP): 20
clicking Image of 4th Resolutions 1:1 (6.0MP): 21
clicking Image of 4th Resolutions 1:1 (6.0MP): 22
clicking Image of 4th Resolutions 1:1 (6.0MP): 23
clicking Image of 4th Resolutions 1:1 (6.0MP): 24
clicking Image of 4th Resolutions 1:1 (6.0MP): 25
clicking Image of 4th Resolutions 1:1 (6.0MP): 26
clicking Image of 4th Resolutions 1:1 (6.0MP): 27
clicking Image of 4th Resolutions 1:1 (6.0MP): 28
clicking Image of 4th Resolutions 1:1 (6.0MP): 29
clicking Image of 4th Resolutions 1:1 (6.0MP): 30
clicking Image of 4th Resolutions 1:1 (6.0MP): 31
clicking Image of 4th Resolutions 1:1 (6.0MP): 32
clicking Image of 4th Resolutions 1:1 (6.0MP): 33
clicking Image of 4th Resolutions 1:1 (6.0MP): 34
clicking Image of 4th Resolutions 1:1 (6.0MP): 35
clicking Image of 4th Resolutions 1:1 (6.0MP): 36
clicking Image of 4th Resolutions 1:1 (6.0MP): 37
clicking Image of 4th Resolutions 1:1 (6.0MP): 38
clicking Image of 4th Resolutions 1:1 (6.0MP): 39
clicking Image of 4th Resolutions 1:1 (6.0MP): 40
clicking Image of 4th Resolutions 1:1 (6.0MP): 41
clicking Image of 4th Resolutions 1:1 (6.0MP): 42
clicking Image of 4th Resolutions 1:1 (6.0MP): 43
clicking Image of 4th Resolutions 1:1 (6.0MP): 44
clicking Image of 4th Resolutions 1:1 (6.0MP): 45
clicking Image of 4th Resolutions 1:1 (6.0MP): 46
clicking Image of 4th Resolutions 1:1 (6.0MP): 47
clicking Image of 4th Resolutions 1:1 (6.0MP): 48
clicking Image of 4th Resolutions 1:1 (6.0MP): 49
clicking Image of 4th Resolutions 1:1 (6.0MP): 50
clicking Image of 4th Resolutions 1:1 (6.0MP): 51
clicking Image of 4th Resolutions 1:1 (6.0MP): 52
clicking Image of 4th Resolutions 1:1 (6.0MP): 53
clicking Image of 4th Resolutions 1:1 (6.0MP): 54
clicking Image of 4th Resolutions 1:1 (6.0MP): 55
clicking Image of 4th Resolutions 1:1 (6.0MP): 56
clicking Image of 4th Resolutions 1:1 (6.0MP): 57
clicking Image of 4th Resolutions 1:1 (6.0MP): 58
clicking Image of 4th Resolutions 1:1 (6.0MP): 59
clicking Image of 4th Resolutions 1:1 (6.0MP): 60
clicking Image of 4th Resolutions 1:1 (6.0MP): 61
clicking Image of 4th Resolutions 1:1 (6.0MP): 62
clicking Image of 4th Resolutions 1:1 (6.0MP): 63
clicking Image of 4th Resolutions 1:1 (6.0MP): 64
clicking Image of 4th Resolutions 1:1 (6.0MP): 65
clicking Image of 4th Resolutions 1:1 (6.0MP): 66
clicking Image of 4th Resolutions 1:1 (6.0MP): 67
clicking Image of 4th Resolutions 1:1 (6.0MP): 68
clicking Image of 4th Resolutions 1:1 (6.0MP): 69
clicking Image of 4th Resolutions 1:1 (6.0MP): 70
clicking Image of 4th Resolutions 1:1 (6.0MP): 71
clicking Image of 4th Resolutions 1:1 (6.0MP): 72
clicking Image of 4th Resolutions 1:1 (6.0MP): 73
clicking Image of 4th Resolutions 1:1 (6.0MP): 74
front camera second resolution: 75 images Captured succesfull
Total Count value:300 images to be Captured 
Select back camera
Launch file manager application and verify captured images present in uSD Card
Swipe up to select uSD card
Select SD card
switch to grid view mode to select DCIM folder
Select DCIM Folder
Select camera folder
switch to list view mode
Click More options
Click select all
Total Image
Test9F_Fcam_image: 300 selected images Captured succesfull
Actual Value:300 selected
Interger value:300
Tolerance_Level = 75

Pass: Test9F pass for rear Image capture
Test9F Fcam_image: 300  images Captured succesfull
===================================================================================================================================================================================================================================================================================================================================================================================================================================================================================================================================================================================================================================================================================================================================
calling DataMoveOperation()
Re-launch file manager application and select external storage for data move operation, select all front camera images files present in camera folder and move to Test9F folder
Select external storage
switch to grid view mode and select DCIM folder
Select DCIM folder
Select camera folder
switch to list view mode
Click More options
Click select all
Click More options
select move to option
select uSD Card
Select ADD NEW Folder option
Name folder as Test9F
Accept create folder
Cut paste  video files operation completed successfully
Test9F: Data move operation completed successfully
Pass: Test9F Pass for data move operation successfully
===================================================================================================================================================================================================================================================================================================================================================================================================================================================================================================================================================================================================================================================================================================================================
Final message: Pass Test9F Pass for Front camera image capture  successfully
Test: End
===================================================================================================================================================================================================================================================================================================================================================================================================================================================================================================================================================================================================================================================================================================================================
]]></system-out>
    <system-err><![CDATA[2023-01-05 22:30:28 INFO   io.appium.java_client.remote.AppiumCommandExecutor$1 lambda$0 Detected dialect: W3C
2023-01-05 22:30:40 INFO   io.appium.java_client.remote.AppiumCommandExecutor$1 lambda$0 Detected dialect: W3C
org.openqa.selenium.NoSuchElementException: An element could not be located on the page using the given search parameters.
For documentation on this error, please visit: https://www.seleniumhq.org/exceptions/no_such_element.html
Build info: version: '3.141.59', revision: 'e82be7d358', time: '2018-11-14T08:17:03'
System info: host: 'SD-APPS-090', ip: '10.65.148.57', os.name: 'Windows 10', os.arch: 'amd64', os.version: '10.0', java.version: '1.8.0_202'
Driver info: io.appium.java_client.android.AndroidDriver
Capabilities {automationName: UiAutomator2, databaseEnabled: false, desired: {automationName: UiAutomator2, deviceName: G8S ThinQ, newCommandTimeout: 600, platformName: android, platformVersion: 11, udid: LMG810EAWef6f059b}, deviceApiLevel: 30, deviceManufacturer: LGE, deviceModel: LM-G810, deviceName: LMG810EAWef6f059b, deviceScreenDensity: 420, deviceScreenSize: 1080x2248, deviceUDID: LMG810EAWef6f059b, javascriptEnabled: true, locationContextEnabled: false, networkConnectionEnabled: true, newCommandTimeout: 600, pixelRatio: 2.625, platform: LINUX, platformName: Android, platformVersion: 11, statBarHeight: 88, takesScreenshot: true, udid: LMG810EAWef6f059b, viewportRect: {height: 1946, left: 0, top: 88, width: 1080}, warnings: {}, webStorageEnabled: false}
Session ID: d6e4c4bc-e9da-4c8c-9632-fcc2666d951f
*** Element info: {Using=xpath, value=//*[@text='Change']}
	at sun.reflect.NativeConstructorAccessorImpl.newInstance0(Native Method)
	at sun.reflect.NativeConstructorAccessorImpl.newInstance(NativeConstructorAccessorImpl.java:62)
	at sun.reflect.DelegatingConstructorAccessorImpl.newInstance(DelegatingConstructorAccessorImpl.java:45)
	at java.lang.reflect.Constructor.newInstance(Constructor.java:423)
	at org.openqa.selenium.remote.http.W3CHttpResponseCodec.createException(W3CHttpResponseCodec.java:187)
	at org.openqa.selenium.remote.http.W3CHttpResponseCodec.decode(W3CHttpResponseCodec.java:122)
	at org.openqa.selenium.remote.http.W3CHttpResponseCodec.decode(W3CHttpResponseCodec.java:49)
	at org.openqa.selenium.remote.HttpCommandExecutor.execute(HttpCommandExecutor.java:158)
	at io.appium.java_client.remote.AppiumCommandExecutor.execute(AppiumCommandExecutor.java:239)
	at org.openqa.selenium.remote.RemoteWebDriver.execute(RemoteWebDriver.java:552)
	at io.appium.java_client.DefaultGenericMobileDriver.execute(DefaultGenericMobileDriver.java:42)
	at io.appium.java_client.AppiumDriver.execute(AppiumDriver.java:1)
	at io.appium.java_client.android.AndroidDriver.execute(AndroidDriver.java:1)
	at org.openqa.selenium.remote.RemoteWebDriver.findElement(RemoteWebDriver.java:323)
	at io.appium.java_client.DefaultGenericMobileDriver.findElement(DefaultGenericMobileDriver.java:62)
	at io.appium.java_client.AppiumDriver.findElement(AppiumDriver.java:1)
	at io.appium.java_client.android.AndroidDriver.findElement(AndroidDriver.java:1)
	at org.openqa.selenium.remote.RemoteWebDriver.findElementByXPath(RemoteWebDriver.java:428)
	at io.appium.java_client.DefaultGenericMobileDriver.findElementByXPath(DefaultGenericMobileDriver.java:152)
	at io.appium.java_client.AppiumDriver.findElementByXPath(AppiumDriver.java:1)
	at io.appium.java_client.android.AndroidDriver.findElementByXPath(AndroidDriver.java:1)
	at org.openqa.selenium.By$ByXPath.findElement(By.java:353)
	at org.openqa.selenium.remote.RemoteWebDriver.findElement(RemoteWebDriver.java:315)
	at io.appium.java_client.DefaultGenericMobileDriver.findElement(DefaultGenericMobileDriver.java:58)
	at io.appium.java_client.AppiumDriver.findElement(AppiumDriver.java:1)
	at io.appium.java_client.android.AndroidDriver.findElement(AndroidDriver.java:1)
	at LG_G8s_ThinQ.Test9F.FrontPictureCapture(Test9F.java:150)
	at sun.reflect.NativeMethodAccessorImpl.invoke0(Native Method)
	at sun.reflect.NativeMethodAccessorImpl.invoke(NativeMethodAccessorImpl.java:62)
	at sun.reflect.DelegatingMethodAccessorImpl.invoke(DelegatingMethodAccessorImpl.java:43)
	at java.lang.reflect.Method.invoke(Method.java:498)
	at org.testng.internal.MethodInvocationHelper.invokeMethod(MethodInvocationHelper.java:80)
	at org.testng.internal.Invoker.invokeMethod(Invoker.java:673)
	at org.testng.internal.Invoker.invokeTestMethod(Invoker.java:842)
	at org.testng.internal.Invoker.invokeTestMethods(Invoker.java:1166)
	at org.testng.internal.TestMethodWorker.invokeTestMethods(TestMethodWorker.java:125)
	at org.testng.internal.TestMethodWorker.run(TestMethodWorker.java:109)
	at org.testng.TestRunner.runWorkers(TestRunner.java:1178)
	at org.testng.TestRunner.privateRun(TestRunner.java:757)
	at org.testng.TestRunner.run(TestRunner.java:608)
	at org.testng.SuiteRunner.runTest(SuiteRunner.java:334)
	at org.testng.SuiteRunner.runSequentially(SuiteRunner.java:329)
	at org.testng.SuiteRunner.privateRun(SuiteRunner.java:291)
	at org.testng.SuiteRunner.run(SuiteRunner.java:240)
	at org.testng.SuiteRunnerWorker.runSuite(SuiteRunnerWorker.java:52)
	at org.testng.SuiteRunnerWorker.run(SuiteRunnerWorker.java:86)
	at org.testng.TestNG.runSuitesSequentially(TestNG.java:1158)
	at org.testng.TestNG.runSuitesSequentially(TestNG.java:1154)
	at org.testng.TestNG.runSuitesLocally(TestNG.java:1083)
	at org.testng.TestNG.run(TestNG.java:999)
	at org.apache.maven.surefire.testng.TestNGExecutor.run(TestNGExecutor.java:284)
	at org.apache.maven.surefire.testng.TestNGXmlTestSuite.execute(TestNGXmlTestSuite.java:75)
	at org.apache.maven.surefire.testng.TestNGProvider.invoke(TestNGProvider.java:119)
	at org.apache.maven.surefire.booter.ForkedBooter.runSuitesInProcess(ForkedBooter.java:428)
	at org.apache.maven.surefire.booter.ForkedBooter.execute(ForkedBooter.java:162)
	at org.apache.maven.surefire.booter.ForkedBooter.run(ForkedBooter.java:562)
	at org.apache.maven.surefire.booter.ForkedBooter.main(ForkedBooter.java:548)
org.openqa.selenium.NoSuchElementException: An element could not be located on the page using the given search parameters.
For documentation on this error, please visit: https://www.seleniumhq.org/exceptions/no_such_element.html
Build info: version: '3.141.59', revision: 'e82be7d358', time: '2018-11-14T08:17:03'
System info: host: 'SD-APPS-090', ip: '10.65.148.57', os.name: 'Windows 10', os.arch: 'amd64', os.version: '10.0', java.version: '1.8.0_202'
Driver info: io.appium.java_client.android.AndroidDriver
Capabilities {automationName: UiAutomator2, databaseEnabled: false, desired: {automationName: UiAutomator2, deviceName: G8S ThinQ, newCommandTimeout: 600, platformName: android, platformVersion: 11, udid: LMG810EAWef6f059b}, deviceApiLevel: 30, deviceManufacturer: LGE, deviceModel: LM-G810, deviceName: LMG810EAWef6f059b, deviceScreenDensity: 420, deviceScreenSize: 1080x2248, deviceUDID: LMG810EAWef6f059b, javascriptEnabled: true, locationContextEnabled: false, networkConnectionEnabled: true, newCommandTimeout: 600, pixelRatio: 2.625, platform: LINUX, platformName: Android, platformVersion: 11, statBarHeight: 88, takesScreenshot: true, udid: LMG810EAWef6f059b, viewportRect: {height: 1946, left: 0, top: 88, width: 1080}, warnings: {}, webStorageEnabled: false}
Session ID: d6e4c4bc-e9da-4c8c-9632-fcc2666d951f
*** Element info: {Using=xpath, value=//*[@resource-id='com.google.android.apps.nbu.files:id/agree_button']}
	at sun.reflect.NativeConstructorAccessorImpl.newInstance0(Native Method)
	at sun.reflect.NativeConstructorAccessorImpl.newInstance(NativeConstructorAccessorImpl.java:62)
	at sun.reflect.DelegatingConstructorAccessorImpl.newInstance(DelegatingConstructorAccessorImpl.java:45)
	at java.lang.reflect.Constructor.newInstance(Constructor.java:423)
	at org.openqa.selenium.remote.http.W3CHttpResponseCodec.createException(W3CHttpResponseCodec.java:187)
	at org.openqa.selenium.remote.http.W3CHttpResponseCodec.decode(W3CHttpResponseCodec.java:122)
	at org.openqa.selenium.remote.http.W3CHttpResponseCodec.decode(W3CHttpResponseCodec.java:49)
	at org.openqa.selenium.remote.HttpCommandExecutor.execute(HttpCommandExecutor.java:158)
	at io.appium.java_client.remote.AppiumCommandExecutor.execute(AppiumCommandExecutor.java:239)
	at org.openqa.selenium.remote.RemoteWebDriver.execute(RemoteWebDriver.java:552)
	at io.appium.java_client.DefaultGenericMobileDriver.execute(DefaultGenericMobileDriver.java:42)
	at io.appium.java_client.AppiumDriver.execute(AppiumDriver.java:1)
	at io.appium.java_client.android.AndroidDriver.execute(AndroidDriver.java:1)
	at org.openqa.selenium.remote.RemoteWebDriver.findElement(RemoteWebDriver.java:323)
	at io.appium.java_client.DefaultGenericMobileDriver.findElement(DefaultGenericMobileDriver.java:62)
	at io.appium.java_client.AppiumDriver.findElement(AppiumDriver.java:1)
	at io.appium.java_client.android.AndroidDriver.findElement(AndroidDriver.java:1)
	at org.openqa.selenium.remote.RemoteWebDriver.findElementByXPath(RemoteWebDriver.java:428)
	at io.appium.java_client.DefaultGenericMobileDriver.findElementByXPath(DefaultGenericMobileDriver.java:152)
	at io.appium.java_client.AppiumDriver.findElementByXPath(AppiumDriver.java:1)
	at io.appium.java_client.android.AndroidDriver.findElementByXPath(AndroidDriver.java:1)
	at org.openqa.selenium.By$ByXPath.findElement(By.java:353)
	at org.openqa.selenium.remote.RemoteWebDriver.findElement(RemoteWebDriver.java:315)
	at io.appium.java_client.DefaultGenericMobileDriver.findElement(DefaultGenericMobileDriver.java:58)
	at io.appium.java_client.AppiumDriver.findElement(AppiumDriver.java:1)
	at io.appium.java_client.android.AndroidDriver.findElement(AndroidDriver.java:1)
	at LG_G8s_ThinQ.Test9F.FrontPictureCapture(Test9F.java:379)
	at sun.reflect.NativeMethodAccessorImpl.invoke0(Native Method)
	at sun.reflect.NativeMethodAccessorImpl.invoke(NativeMethodAccessorImpl.java:62)
	at sun.reflect.DelegatingMethodAccessorImpl.invoke(DelegatingMethodAccessorImpl.java:43)
	at java.lang.reflect.Method.invoke(Method.java:498)
	at org.testng.internal.MethodInvocationHelper.invokeMethod(MethodInvocationHelper.java:80)
	at org.testng.internal.Invoker.invokeMethod(Invoker.java:673)
	at org.testng.internal.Invoker.invokeTestMethod(Invoker.java:842)
	at org.testng.internal.Invoker.invokeTestMethods(Invoker.java:1166)
	at org.testng.internal.TestMethodWorker.invokeTestMethods(TestMethodWorker.java:125)
	at org.testng.internal.TestMethodWorker.run(TestMethodWorker.java:109)
	at org.testng.TestRunner.runWorkers(TestRunner.java:1178)
	at org.testng.TestRunner.privateRun(TestRunner.java:757)
	at org.testng.TestRunner.run(TestRunner.java:608)
	at org.testng.SuiteRunner.runTest(SuiteRunner.java:334)
	at org.testng.SuiteRunner.runSequentially(SuiteRunner.java:329)
	at org.testng.SuiteRunner.privateRun(SuiteRunner.java:291)
	at org.testng.SuiteRunner.run(SuiteRunner.java:240)
	at org.testng.SuiteRunnerWorker.runSuite(SuiteRunnerWorker.java:52)
	at org.testng.SuiteRunnerWorker.run(SuiteRunnerWorker.java:86)
	at org.testng.TestNG.runSuitesSequentially(TestNG.java:1158)
	at org.testng.TestNG.runSuitesSequentially(TestNG.java:1154)
	at org.testng.TestNG.runSuitesLocally(TestNG.java:1083)
	at org.testng.TestNG.run(TestNG.java:999)
	at org.apache.maven.surefire.testng.TestNGExecutor.run(TestNGExecutor.java:284)
	at org.apache.maven.surefire.testng.TestNGXmlTestSuite.execute(TestNGXmlTestSuite.java:75)
	at org.apache.maven.surefire.testng.TestNGProvider.invoke(TestNGProvider.java:119)
	at org.apache.maven.surefire.booter.ForkedBooter.runSuitesInProcess(ForkedBooter.java:428)
	at org.apache.maven.surefire.booter.ForkedBooter.execute(ForkedBooter.java:162)
	at org.apache.maven.surefire.booter.ForkedBooter.run(ForkedBooter.java:562)
	at org.apache.maven.surefire.booter.ForkedBooter.main(ForkedBooter.java:548)
]]></system-err>
  </testcase>
</testsuite>