-------------------------------------------------------------------------------
Test set: TestSuite
-------------------------------------------------------------------------------
Tests run: 4, Failures: 2, Errors: 0, Skipped: 2, Time elapsed: 2.639 s <<< FAILURE! - in TestSuite
Nokia_G50_5G_TA_1390.Test9.SetUp  Time elapsed: 2.243 s  <<< FAILURE!
org.openqa.selenium.SessionNotCreatedException: 
Unable to create a new remote session. Please check the server log for more details. Original error: An unknown server-side error occurred while processing the command. Original error: Device A00000P6601B3001556 was not in the list of connected devices
Build info: version: '3.141.59', revision: 'e82be7d358', time: '2018-11-14T08:17:03'
System info: host: 'BNPLYY2', ip: '10.113.89.123', os.name: 'Windows 10', os.arch: 'amd64', os.version: '10.0', java.version: '1.8.0_202'
Driver info: driver.version: AndroidDriver
remote stacktrace: UnknownError: An unknown server-side error occurred while processing the command. Original error: Device A00000P6601B3001556 was not in the list of connected devices
    at getResponseForW3CError (C:\Users\7336135\AppData\Local\Programs\Appium Server GUI\resources\app\node_modules\appium\node_modules\appium-base-driver\lib\protocol\errors.js:804:9)
    at asyncHandler (C:\Users\7336135\AppData\Local\Programs\Appium Server GUI\resources\app\node_modules\appium\node_modules\appium-base-driver\lib\protocol\protocol.js:380:37)
Build info: version: '3.141.59', revision: 'e82be7d358', time: '2018-11-14T08:17:03'
System info: host: 'BNPLYY2', ip: '10.113.89.123', os.name: 'Windows 10', os.arch: 'amd64', os.version: '10.0', java.version: '1.8.0_202'
Driver info: driver.version: AndroidDriver
	at Nokia_G50_5G_TA_1390.Test9.SetUp(Test9.java:47)
Caused by: java.lang.reflect.InvocationTargetException
	at Nokia_G50_5G_TA_1390.Test9.SetUp(Test9.java:47)
Caused by: org.openqa.selenium.WebDriverException: 
An unknown server-side error occurred while processing the command. Original error: Device A00000P6601B3001556 was not in the list of connected devices
Build info: version: '3.141.59', revision: 'e82be7d358', time: '2018-11-14T08:17:03'
System info: host: 'BNPLYY2', ip: '10.113.89.123', os.name: 'Windows 10', os.arch: 'amd64', os.version: '10.0', java.version: '1.8.0_202'
Driver info: driver.version: AndroidDriver
remote stacktrace: UnknownError: An unknown server-side error occurred while processing the command. Original error: Device A00000P6601B3001556 was not in the list of connected devices
    at getResponseForW3CError (C:\Users\7336135\AppData\Local\Programs\Appium Server GUI\resources\app\node_modules\appium\node_modules\appium-base-driver\lib\protocol\errors.js:804:9)
    at asyncHandler (C:\Users\7336135\AppData\Local\Programs\Appium Server GUI\resources\app\node_modules\appium\node_modules\appium-base-driver\lib\protocol\protocol.js:380:37)
	at Nokia_G50_5G_TA_1390.Test9.SetUp(Test9.java:47)

Nokia_G50_5G_TA_1390.Test9F.SetUp  Time elapsed: 0.274 s  <<< FAILURE!
org.openqa.selenium.SessionNotCreatedException: 
Unable to create a new remote session. Please check the server log for more details. Original error: An unknown server-side error occurred while processing the command. Original error: Device A00000P6601B3001556 was not in the list of connected devices
Build info: version: '3.141.59', revision: 'e82be7d358', time: '2018-11-14T08:17:03'
System info: host: 'BNPLYY2', ip: '10.113.89.123', os.name: 'Windows 10', os.arch: 'amd64', os.version: '10.0', java.version: '1.8.0_202'
Driver info: driver.version: AndroidDriver
remote stacktrace: UnknownError: An unknown server-side error occurred while processing the command. Original error: Device A00000P6601B3001556 was not in the list of connected devices
    at getResponseForW3CError (C:\Users\7336135\AppData\Local\Programs\Appium Server GUI\resources\app\node_modules\appium\node_modules\appium-base-driver\lib\protocol\errors.js:804:9)
    at asyncHandler (C:\Users\7336135\AppData\Local\Programs\Appium Server GUI\resources\app\node_modules\appium\node_modules\appium-base-driver\lib\protocol\protocol.js:380:37)
Build info: version: '3.141.59', revision: 'e82be7d358', time: '2018-11-14T08:17:03'
System info: host: 'BNPLYY2', ip: '10.113.89.123', os.name: 'Windows 10', os.arch: 'amd64', os.version: '10.0', java.version: '1.8.0_202'
Driver info: driver.version: AndroidDriver
	at Nokia_G50_5G_TA_1390.Test9F.SetUp(Test9F.java:51)
Caused by: java.lang.reflect.InvocationTargetException
	at Nokia_G50_5G_TA_1390.Test9F.SetUp(Test9F.java:51)
Caused by: org.openqa.selenium.WebDriverException: 
An unknown server-side error occurred while processing the command. Original error: Device A00000P6601B3001556 was not in the list of connected devices
Build info: version: '3.141.59', revision: 'e82be7d358', time: '2018-11-14T08:17:03'
System info: host: 'BNPLYY2', ip: '10.113.89.123', os.name: 'Windows 10', os.arch: 'amd64', os.version: '10.0', java.version: '1.8.0_202'
Driver info: driver.version: AndroidDriver
remote stacktrace: UnknownError: An unknown server-side error occurred while processing the command. Original error: Device A00000P6601B3001556 was not in the list of connected devices
    at getResponseForW3CError (C:\Users\7336135\AppData\Local\Programs\Appium Server GUI\resources\app\node_modules\appium\node_modules\appium-base-driver\lib\protocol\errors.js:804:9)
    at asyncHandler (C:\Users\7336135\AppData\Local\Programs\Appium Server GUI\resources\app\node_modules\appium\node_modules\appium-base-driver\lib\protocol\protocol.js:380:37)
	at Nokia_G50_5G_TA_1390.Test9F.SetUp(Test9F.java:51)

