-------------------------------------------------------------------------------
Test set: TestSuite
-------------------------------------------------------------------------------
Tests run: 8, Failures: 1, Errors: 0, Skipped: 0, Time elapsed: 3,231.932 s <<< FAILURE! - in TestSuite
Samsung_Galaxy_S20_Ultra.Test0.start  Time elapsed: 31.174 s  <<< FAILURE!
org.openqa.selenium.WebDriverException: 
An unknown server-side error occurred while processing the command. Original error: Cannot start the 'com.google.android.apps.nbu.files' application. Visit https://github.com/appium/appium/blob/master/docs/en/writing-running-appium/android/activity-startup.md for troubleshooting. Original error: Cannot start the 'com.google.android.apps.nbu.files' application. Visit https://github.com/appium/appium/blob/master/docs/en/writing-running-appium/android/activity-startup.md for troubleshooting. Original error: Activity name '.com.google.android.apps.nbu.files.home.HomeActivity' used to start the app doesn't exist or cannot be launched! Make sure it exists and is a launchable activity
Build info: version: '3.141.59', revision: 'e82be7d358', time: '2018-11-14T08:17:03'
System info: host: 'SD-APPS-090', ip: '10.65.148.57', os.name: 'Windows 10', os.arch: 'amd64', os.version: '10.0', java.version: '1.8.0_202'
Driver info: io.appium.java_client.android.AndroidDriver
Capabilities {automationName: UiAutomator2, databaseEnabled: false, desired: {automationName: UiAutomator2, deviceName: Galaxy S20 Ultra LTE, newCommandTimeout: 1200, platformName: android, platformVersion: 11, udid: R5CN317QZVF}, deviceApiLevel: 30, deviceManufacturer: samsung, deviceModel: SM-G988B, deviceName: R5CN317QZVF, deviceScreenDensity: 420, deviceScreenSize: 1080x2400, deviceUDID: R5CN317QZVF, javascriptEnabled: true, locationContextEnabled: false, networkConnectionEnabled: true, newCommandTimeout: 1200, pixelRatio: 2.625, platform: LINUX, platformName: Android, platformVersion: 11, statBarHeight: 74, takesScreenshot: true, udid: R5CN317QZVF, viewportRect: {height: 2126, left: 0, top: 74, width: 1080}, warnings: {}, webStorageEnabled: false}
Session ID: 15de7e37-cc34-4b4d-8f1e-b7e950e6bdf5
	at Samsung_Galaxy_S20_Ultra.Test0.start(Test0.java:141)

